<?xml version="1.0" encoding="UTF-8"?>
<coverage generated="1773559228965" clover="3.2.0">
  <project timestamp="1773559228965" name="All files">
    <metrics statements="804" coveredstatements="765" conditionals="47" coveredconditionals="39" methods="23" coveredmethods="21" elements="874" coveredelements="825" complexity="0" loc="804" ncloc="804" packages="3" files="4" classes="4"/>
    <package name="app.vacature.[id].[slug]">
      <metrics statements="630" coveredstatements="591" conditionals="30" coveredconditionals="23" methods="12" coveredmethods="10"/>
      <file name="job-details.tsx" path="/Users/Angel/Documents/Projecten/jobs-ui/app/vacature/[id]/[slug]/job-details.tsx">
        <metrics statements="630" coveredstatements="591" conditionals="30" coveredconditionals="23" methods="12" coveredmethods="10"/>
        <line num="1" count="1" type="stmt"/>
        <line num="2" count="1" type="stmt"/>
        <line num="3" count="1" type="stmt"/>
        <line num="4" count="1" type="stmt"/>
        <line num="5" count="1" type="stmt"/>
        <line num="6" count="1" type="stmt"/>
        <line num="7" count="1" type="stmt"/>
        <line num="8" count="1" type="stmt"/>
        <line num="9" count="1" type="stmt"/>
        <line num="10" count="1" type="stmt"/>
        <line num="11" count="1" type="stmt"/>
        <line num="12" count="1" type="stmt"/>
        <line num="13" count="1" type="stmt"/>
        <line num="14" count="1" type="stmt"/>
        <line num="15" count="1" type="stmt"/>
        <line num="16" count="1" type="stmt"/>
        <line num="17" count="1" type="stmt"/>
        <line num="18" count="1" type="stmt"/>
        <line num="19" count="1" type="stmt"/>
        <line num="20" count="1" type="stmt"/>
        <line num="21" count="1" type="stmt"/>
        <line num="22" count="1" type="stmt"/>
        <line num="23" count="1" type="stmt"/>
        <line num="24" count="1" type="stmt"/>
        <line num="25" count="1" type="stmt"/>
        <line num="26" count="1" type="stmt"/>
        <line num="27" count="1" type="stmt"/>
        <line num="28" count="1" type="stmt"/>
        <line num="29" count="1" type="stmt"/>
        <line num="30" count="1" type="stmt"/>
        <line num="31" count="1" type="stmt"/>
        <line num="32" count="1" type="stmt"/>
        <line num="33" count="1" type="stmt"/>
        <line num="34" count="1" type="stmt"/>
        <line num="35" count="1" type="stmt"/>
        <line num="36" count="1" type="stmt"/>
        <line num="37" count="1" type="stmt"/>
        <line num="38" count="1" type="stmt"/>
        <line num="39" count="1" type="stmt"/>
        <line num="40" count="1" type="stmt"/>
        <line num="41" count="1" type="stmt"/>
        <line num="42" count="1" type="stmt"/>
        <line num="43" count="1" type="stmt"/>
        <line num="44" count="1" type="stmt"/>
        <line num="45" count="1" type="stmt"/>
        <line num="46" count="1" type="stmt"/>
        <line num="47" count="1" type="stmt"/>
        <line num="48" count="1" type="stmt"/>
        <line num="49" count="1" type="stmt"/>
        <line num="50" count="1" type="stmt"/>
        <line num="51" count="1" type="stmt"/>
        <line num="52" count="1" type="stmt"/>
        <line num="53" count="1" type="stmt"/>
        <line num="54" count="1" type="stmt"/>
        <line num="55" count="1" type="stmt"/>
        <line num="56" count="1" type="stmt"/>
        <line num="57" count="1" type="stmt"/>
        <line num="58" count="1" type="stmt"/>
        <line num="59" count="1" type="stmt"/>
        <line num="60" count="1" type="stmt"/>
        <line num="61" count="1" type="stmt"/>
        <line num="62" count="1" type="stmt"/>
        <line num="63" count="1" type="stmt"/>
        <line num="64" count="1" type="stmt"/>
        <line num="65" count="1" type="stmt"/>
        <line num="66" count="1" type="stmt"/>
        <line num="67" count="1" type="stmt"/>
        <line num="68" count="1" type="stmt"/>
        <line num="69" count="1" type="stmt"/>
        <line num="70" count="1" type="cond" truecount="1" falsecount="0"/>
        <line num="71" count="23" type="stmt"/>
        <line num="72" count="23" type="stmt"/>
        <line num="73" count="23" type="stmt"/>
        <line num="74" count="23" type="stmt"/>
        <line num="75" count="23" type="stmt"/>
        <line num="76" count="23" type="stmt"/>
        <line num="77" count="23" type="stmt"/>
        <line num="78" count="23" type="stmt"/>
        <line num="79" count="23" type="stmt"/>
        <line num="80" count="23" type="stmt"/>
        <line num="81" count="23" type="stmt"/>
        <line num="82" count="23" type="stmt"/>
        <line num="83" count="23" type="stmt"/>
        <line num="84" count="23" type="cond" truecount="1" falsecount="0"/>
        <line num="85" count="20" type="stmt"/>
        <line num="86" count="20" type="stmt"/>
        <line num="87" count="20" type="cond" truecount="1" falsecount="0"/>
        <line num="88" count="20" type="stmt"/>
        <line num="89" count="20" type="stmt"/>
        <line num="90" count="0" type="stmt"/>
        <line num="91" count="0" type="stmt"/>
        <line num="92" count="0" type="stmt"/>
        <line num="93" count="0" type="stmt"/>
        <line num="94" count="0" type="stmt"/>
        <line num="95" count="0" type="stmt"/>
        <line num="96" count="0" type="stmt"/>
        <line num="97" count="0" type="stmt"/>
        <line num="98" count="0" type="stmt"/>
        <line num="99" count="0" type="stmt"/>
        <line num="100" count="0" type="stmt"/>
        <line num="101" count="0" type="stmt"/>
        <line num="102" count="0" type="stmt"/>
        <line num="103" count="0" type="stmt"/>
        <line num="104" count="0" type="stmt"/>
        <line num="105" count="0" type="stmt"/>
        <line num="106" count="0" type="stmt"/>
        <line num="107" count="0" type="stmt"/>
        <line num="108" count="0" type="stmt"/>
        <line num="109" count="0" type="stmt"/>
        <line num="110" count="0" type="stmt"/>
        <line num="111" count="0" type="stmt"/>
        <line num="112" count="0" type="stmt"/>
        <line num="113" count="0" type="stmt"/>
        <line num="114" count="0" type="stmt"/>
        <line num="115" count="0" type="stmt"/>
        <line num="116" count="0" type="stmt"/>
        <line num="117" count="0" type="stmt"/>
        <line num="118" count="0" type="stmt"/>
        <line num="119" count="0" type="stmt"/>
        <line num="120" count="20" type="stmt"/>
        <line num="121" count="20" type="stmt"/>
        <line num="122" count="20" type="stmt"/>
        <line num="123" count="20" type="stmt"/>
        <line num="124" count="20" type="stmt"/>
        <line num="125" count="20" type="stmt"/>
        <line num="126" count="20" type="stmt"/>
        <line num="127" count="20" type="cond" truecount="1" falsecount="0"/>
        <line num="128" count="23" type="stmt"/>
        <line num="129" count="23" type="stmt"/>
        <line num="130" count="23" type="cond" truecount="0" falsecount="1"/>
        <line num="131" count="0" type="stmt"/>
        <line num="132" count="0" type="stmt"/>
        <line num="133" count="23" type="stmt"/>
        <line num="134" count="23" type="stmt"/>
        <line num="135" count="23" type="stmt"/>
        <line num="136" count="1" type="cond" truecount="1" falsecount="0"/>
        <line num="137" count="23" type="cond" truecount="1" falsecount="0"/>
        <line num="138" count="23" type="stmt"/>
        <line num="139" count="23" type="stmt"/>
        <line num="140" count="23" type="stmt"/>
        <line num="141" count="23" type="stmt"/>
        <line num="142" count="23" type="stmt"/>
        <line num="143" count="23" type="stmt"/>
        <line num="144" count="23" type="stmt"/>
        <line num="145" count="23" type="stmt"/>
        <line num="146" count="23" type="stmt"/>
        <line num="147" count="23" type="stmt"/>
        <line num="148" count="23" type="stmt"/>
        <line num="149" count="23" type="stmt"/>
        <line num="150" count="23" type="stmt"/>
        <line num="151" count="23" type="stmt"/>
        <line num="152" count="23" type="stmt"/>
        <line num="153" count="23" type="stmt"/>
        <line num="154" count="23" type="cond" truecount="1" falsecount="0"/>
        <line num="155" count="1" type="stmt"/>
        <line num="156" count="1" type="stmt"/>
        <line num="157" count="1" type="stmt"/>
        <line num="158" count="23" type="stmt"/>
        <line num="159" count="23" type="stmt"/>
        <line num="160" count="23" type="stmt"/>
        <line num="161" count="23" type="stmt"/>
        <line num="162" count="23" type="stmt"/>
        <line num="163" count="23" type="stmt"/>
        <line num="164" count="23" type="stmt"/>
        <line num="165" count="23" type="stmt"/>
        <line num="166" count="23" type="stmt"/>
        <line num="167" count="23" type="stmt"/>
        <line num="168" count="23" type="stmt"/>
        <line num="169" count="23" type="stmt"/>
        <line num="170" count="23" type="stmt"/>
        <line num="171" count="23" type="stmt"/>
        <line num="172" count="23" type="stmt"/>
        <line num="173" count="23" type="stmt"/>
        <line num="174" count="23" type="stmt"/>
        <line num="175" count="23" type="stmt"/>
        <line num="176" count="23" type="stmt"/>
        <line num="177" count="23" type="stmt"/>
        <line num="178" count="23" type="stmt"/>
        <line num="179" count="23" type="stmt"/>
        <line num="180" count="23" type="stmt"/>
        <line num="181" count="23" type="stmt"/>
        <line num="182" count="23" type="stmt"/>
        <line num="183" count="23" type="stmt"/>
        <line num="184" count="23" type="stmt"/>
        <line num="185" count="23" type="stmt"/>
        <line num="186" count="23" type="stmt"/>
        <line num="187" count="23" type="stmt"/>
        <line num="188" count="23" type="stmt"/>
        <line num="189" count="23" type="stmt"/>
        <line num="190" count="23" type="stmt"/>
        <line num="191" count="23" type="stmt"/>
        <line num="192" count="23" type="stmt"/>
        <line num="193" count="0" type="cond" truecount="0" falsecount="1"/>
        <line num="194" count="23" type="stmt"/>
        <line num="195" count="23" type="stmt"/>
        <line num="196" count="23" type="stmt"/>
        <line num="197" count="23" type="stmt"/>
        <line num="198" count="23" type="stmt"/>
        <line num="199" count="23" type="stmt"/>
        <line num="200" count="23" type="stmt"/>
        <line num="201" count="23" type="stmt"/>
        <line num="202" count="23" type="stmt"/>
        <line num="203" count="23" type="stmt"/>
        <line num="204" count="23" type="stmt"/>
        <line num="205" count="23" type="stmt"/>
        <line num="206" count="23" type="stmt"/>
        <line num="207" count="23" type="stmt"/>
        <line num="208" count="23" type="stmt"/>
        <line num="209" count="23" type="stmt"/>
        <line num="210" count="23" type="stmt"/>
        <line num="211" count="23" type="stmt"/>
        <line num="212" count="23" type="stmt"/>
        <line num="213" count="23" type="stmt"/>
        <line num="214" count="23" type="stmt"/>
        <line num="215" count="23" type="stmt"/>
        <line num="216" count="23" type="stmt"/>
        <line num="217" count="23" type="stmt"/>
        <line num="218" count="23" type="stmt"/>
        <line num="219" count="23" type="stmt"/>
        <line num="220" count="23" type="stmt"/>
        <line num="221" count="23" type="stmt"/>
        <line num="222" count="23" type="stmt"/>
        <line num="223" count="23" type="stmt"/>
        <line num="224" count="23" type="stmt"/>
        <line num="225" count="23" type="stmt"/>
        <line num="226" count="23" type="stmt"/>
        <line num="227" count="23" type="stmt"/>
        <line num="228" count="23" type="cond" truecount="1" falsecount="0"/>
        <line num="229" count="23" type="stmt"/>
        <line num="230" count="23" type="stmt"/>
        <line num="231" count="23" type="stmt"/>
        <line num="232" count="23" type="stmt"/>
        <line num="233" count="23" type="stmt"/>
        <line num="234" count="23" type="stmt"/>
        <line num="235" count="23" type="stmt"/>
        <line num="236" count="23" type="stmt"/>
        <line num="237" count="23" type="stmt"/>
        <line num="238" count="23" type="stmt"/>
        <line num="239" count="23" type="stmt"/>
        <line num="240" count="23" type="stmt"/>
        <line num="241" count="23" type="stmt"/>
        <line num="242" count="23" type="stmt"/>
        <line num="243" count="23" type="stmt"/>
        <line num="244" count="23" type="stmt"/>
        <line num="245" count="23" type="stmt"/>
        <line num="246" count="23" type="stmt"/>
        <line num="247" count="23" type="stmt"/>
        <line num="248" count="23" type="stmt"/>
        <line num="249" count="23" type="stmt"/>
        <line num="250" count="23" type="stmt"/>
        <line num="251" count="23" type="stmt"/>
        <line num="252" count="23" type="stmt"/>
        <line num="253" count="23" type="stmt"/>
        <line num="254" count="23" type="stmt"/>
        <line num="255" count="23" type="stmt"/>
        <line num="256" count="23" type="stmt"/>
        <line num="257" count="23" type="stmt"/>
        <line num="258" count="23" type="stmt"/>
        <line num="259" count="23" type="stmt"/>
        <line num="260" count="23" type="stmt"/>
        <line num="261" count="23" type="stmt"/>
        <line num="262" count="23" type="stmt"/>
        <line num="263" count="23" type="stmt"/>
        <line num="264" count="23" type="stmt"/>
        <line num="265" count="23" type="stmt"/>
        <line num="266" count="23" type="stmt"/>
        <line num="267" count="23" type="stmt"/>
        <line num="268" count="23" type="stmt"/>
        <line num="269" count="23" type="stmt"/>
        <line num="270" count="23" type="stmt"/>
        <line num="271" count="23" type="stmt"/>
        <line num="272" count="23" type="stmt"/>
        <line num="273" count="23" type="stmt"/>
        <line num="274" count="23" type="stmt"/>
        <line num="275" count="23" type="stmt"/>
        <line num="276" count="23" type="stmt"/>
        <line num="277" count="23" type="stmt"/>
        <line num="278" count="23" type="stmt"/>
        <line num="279" count="23" type="stmt"/>
        <line num="280" count="23" type="stmt"/>
        <line num="281" count="23" type="stmt"/>
        <line num="282" count="23" type="stmt"/>
        <line num="283" count="23" type="stmt"/>
        <line num="284" count="23" type="stmt"/>
        <line num="285" count="23" type="stmt"/>
        <line num="286" count="23" type="stmt"/>
        <line num="287" count="23" type="stmt"/>
        <line num="288" count="23" type="stmt"/>
        <line num="289" count="23" type="stmt"/>
        <line num="290" count="23" type="stmt"/>
        <line num="291" count="23" type="stmt"/>
        <line num="292" count="23" type="stmt"/>
        <line num="293" count="23" type="stmt"/>
        <line num="294" count="23" type="cond" truecount="1" falsecount="0"/>
        <line num="295" count="46" type="stmt"/>
        <line num="296" count="23" type="stmt"/>
        <line num="297" count="23" type="stmt"/>
        <line num="298" count="23" type="stmt"/>
        <line num="299" count="23" type="stmt"/>
        <line num="300" count="23" type="stmt"/>
        <line num="301" count="23" type="stmt"/>
        <line num="302" count="23" type="stmt"/>
        <line num="303" count="23" type="stmt"/>
        <line num="304" count="23" type="stmt"/>
        <line num="305" count="23" type="stmt"/>
        <line num="306" count="23" type="stmt"/>
        <line num="307" count="23" type="stmt"/>
        <line num="308" count="23" type="stmt"/>
        <line num="309" count="23" type="stmt"/>
        <line num="310" count="23" type="stmt"/>
        <line num="311" count="23" type="stmt"/>
        <line num="312" count="23" type="stmt"/>
        <line num="313" count="23" type="cond" truecount="1" falsecount="0"/>
        <line num="314" count="46" type="stmt"/>
        <line num="315" count="23" type="stmt"/>
        <line num="316" count="23" type="stmt"/>
        <line num="317" count="23" type="stmt"/>
        <line num="318" count="23" type="stmt"/>
        <line num="319" count="23" type="stmt"/>
        <line num="320" count="23" type="stmt"/>
        <line num="321" count="23" type="stmt"/>
        <line num="322" count="23" type="stmt"/>
        <line num="323" count="23" type="stmt"/>
        <line num="324" count="23" type="stmt"/>
        <line num="325" count="23" type="stmt"/>
        <line num="326" count="23" type="stmt"/>
        <line num="327" count="23" type="stmt"/>
        <line num="328" count="23" type="stmt"/>
        <line num="329" count="23" type="stmt"/>
        <line num="330" count="23" type="stmt"/>
        <line num="331" count="23" type="stmt"/>
        <line num="332" count="23" type="stmt"/>
        <line num="333" count="23" type="stmt"/>
        <line num="334" count="23" type="stmt"/>
        <line num="335" count="23" type="stmt"/>
        <line num="336" count="23" type="stmt"/>
        <line num="337" count="23" type="cond" truecount="0" falsecount="1"/>
        <line num="338" count="23" type="stmt"/>
        <line num="339" count="23" type="stmt"/>
        <line num="340" count="23" type="stmt"/>
        <line num="341" count="23" type="stmt"/>
        <line num="342" count="23" type="stmt"/>
        <line num="343" count="23" type="stmt"/>
        <line num="344" count="23" type="cond" truecount="0" falsecount="1"/>
        <line num="345" count="23" type="stmt"/>
        <line num="346" count="23" type="stmt"/>
        <line num="347" count="23" type="stmt"/>
        <line num="348" count="23" type="cond" truecount="0" falsecount="1"/>
        <line num="349" count="23" type="stmt"/>
        <line num="350" count="23" type="stmt"/>
        <line num="351" count="23" type="stmt"/>
        <line num="352" count="23" type="cond" truecount="0" falsecount="1"/>
        <line num="353" count="23" type="stmt"/>
        <line num="354" count="23" type="stmt"/>
        <line num="355" count="23" type="stmt"/>
        <line num="356" count="23" type="cond" truecount="0" falsecount="1"/>
        <line num="357" count="23" type="stmt"/>
        <line num="358" count="23" type="stmt"/>
        <line num="359" count="23" type="stmt"/>
        <line num="360" count="23" type="stmt"/>
        <line num="361" count="23" type="stmt"/>
        <line num="362" count="23" type="stmt"/>
        <line num="363" count="23" type="stmt"/>
        <line num="364" count="23" type="stmt"/>
        <line num="365" count="23" type="stmt"/>
        <line num="366" count="23" type="stmt"/>
        <line num="367" count="23" type="stmt"/>
        <line num="368" count="23" type="stmt"/>
        <line num="369" count="23" type="stmt"/>
        <line num="370" count="23" type="stmt"/>
        <line num="371" count="23" type="stmt"/>
        <line num="372" count="23" type="stmt"/>
        <line num="373" count="23" type="stmt"/>
        <line num="374" count="23" type="stmt"/>
        <line num="375" count="23" type="stmt"/>
        <line num="376" count="23" type="stmt"/>
        <line num="377" count="23" type="stmt"/>
        <line num="378" count="0" type="stmt"/>
        <line num="379" count="0" type="stmt"/>
        <line num="380" count="0" type="stmt"/>
        <line num="381" count="23" type="stmt"/>
        <line num="382" count="23" type="stmt"/>
        <line num="383" count="23" type="stmt"/>
        <line num="384" count="23" type="stmt"/>
        <line num="385" count="23" type="stmt"/>
        <line num="386" count="23" type="stmt"/>
        <line num="387" count="23" type="stmt"/>
        <line num="388" count="23" type="stmt"/>
        <line num="389" count="23" type="stmt"/>
        <line num="390" count="23" type="stmt"/>
        <line num="391" count="23" type="stmt"/>
        <line num="392" count="23" type="stmt"/>
        <line num="393" count="23" type="stmt"/>
        <line num="394" count="23" type="stmt"/>
        <line num="395" count="23" type="stmt"/>
        <line num="396" count="23" type="stmt"/>
        <line num="397" count="23" type="stmt"/>
        <line num="398" count="23" type="stmt"/>
        <line num="399" count="23" type="stmt"/>
        <line num="400" count="23" type="stmt"/>
        <line num="401" count="23" type="cond" truecount="1" falsecount="0"/>
        <line num="402" count="23" type="stmt"/>
        <line num="403" count="23" type="stmt"/>
        <line num="404" count="23" type="stmt"/>
        <line num="405" count="23" type="stmt"/>
        <line num="406" count="23" type="stmt"/>
        <line num="407" count="23" type="stmt"/>
        <line num="408" count="23" type="stmt"/>
        <line num="409" count="23" type="stmt"/>
        <line num="410" count="23" type="stmt"/>
        <line num="411" count="23" type="stmt"/>
        <line num="412" count="23" type="stmt"/>
        <line num="413" count="23" type="stmt"/>
        <line num="414" count="23" type="stmt"/>
        <line num="415" count="23" type="stmt"/>
        <line num="416" count="23" type="stmt"/>
        <line num="417" count="23" type="stmt"/>
        <line num="418" count="23" type="stmt"/>
        <line num="419" count="23" type="stmt"/>
        <line num="420" count="23" type="stmt"/>
        <line num="421" count="23" type="cond" truecount="1" falsecount="0"/>
        <line num="422" count="1" type="stmt"/>
        <line num="423" count="1" type="stmt"/>
        <line num="424" count="1" type="stmt"/>
        <line num="425" count="23" type="cond" truecount="1" falsecount="0"/>
        <line num="426" count="1" type="stmt"/>
        <line num="427" count="1" type="stmt"/>
        <line num="428" count="1" type="stmt"/>
        <line num="429" count="1" type="stmt"/>
        <line num="430" count="1" type="stmt"/>
        <line num="431" count="1" type="stmt"/>
        <line num="432" count="23" type="stmt"/>
        <line num="433" count="23" type="stmt"/>
        <line num="434" count="23" type="stmt"/>
        <line num="435" count="23" type="stmt"/>
        <line num="436" count="23" type="stmt"/>
        <line num="437" count="1" type="stmt"/>
        <line num="438" count="184" type="cond" truecount="1" falsecount="0"/>
        <line num="439" count="184" type="stmt"/>
        <line num="440" count="184" type="stmt"/>
        <line num="441" count="184" type="stmt"/>
        <line num="442" count="184" type="stmt"/>
        <line num="443" count="184" type="stmt"/>
        <line num="444" count="184" type="stmt"/>
        <line num="445" count="184" type="stmt"/>
        <line num="446" count="184" type="stmt"/>
        <line num="447" count="184" type="stmt"/>
        <line num="448" count="184" type="stmt"/>
        <line num="449" count="184" type="stmt"/>
        <line num="450" count="184" type="stmt"/>
        <line num="451" count="184" type="stmt"/>
        <line num="452" count="184" type="stmt"/>
        <line num="453" count="184" type="stmt"/>
        <line num="454" count="184" type="stmt"/>
        <line num="455" count="184" type="stmt"/>
        <line num="456" count="184" type="stmt"/>
        <line num="457" count="184" type="stmt"/>
        <line num="458" count="184" type="stmt"/>
        <line num="459" count="1" type="stmt"/>
        <line num="460" count="1" type="cond" truecount="1" falsecount="0"/>
        <line num="461" count="1" type="stmt"/>
        <line num="462" count="1" type="stmt"/>
        <line num="463" count="1" type="stmt"/>
        <line num="464" count="1" type="stmt"/>
        <line num="465" count="1" type="stmt"/>
        <line num="466" count="1" type="stmt"/>
        <line num="467" count="1" type="stmt"/>
        <line num="468" count="1" type="stmt"/>
        <line num="469" count="1" type="stmt"/>
        <line num="470" count="1" type="stmt"/>
        <line num="471" count="1" type="stmt"/>
        <line num="472" count="1" type="stmt"/>
        <line num="473" count="1" type="stmt"/>
        <line num="474" count="1" type="stmt"/>
        <line num="475" count="1" type="stmt"/>
        <line num="476" count="1" type="stmt"/>
        <line num="477" count="1" type="stmt"/>
        <line num="478" count="1" type="stmt"/>
        <line num="479" count="1" type="stmt"/>
        <line num="480" count="1" type="stmt"/>
        <line num="481" count="1" type="stmt"/>
        <line num="482" count="1" type="stmt"/>
        <line num="483" count="1" type="stmt"/>
        <line num="484" count="1" type="stmt"/>
        <line num="485" count="1" type="stmt"/>
        <line num="486" count="1" type="stmt"/>
        <line num="487" count="1" type="stmt"/>
        <line num="488" count="1" type="stmt"/>
        <line num="489" count="1" type="stmt"/>
        <line num="490" count="1" type="stmt"/>
        <line num="491" count="1" type="stmt"/>
        <line num="492" count="1" type="stmt"/>
        <line num="493" count="1" type="stmt"/>
        <line num="494" count="1" type="stmt"/>
        <line num="495" count="1" type="stmt"/>
        <line num="496" count="1" type="stmt"/>
        <line num="497" count="1" type="stmt"/>
        <line num="498" count="1" type="stmt"/>
        <line num="499" count="1" type="stmt"/>
        <line num="500" count="1" type="stmt"/>
        <line num="501" count="1" type="stmt"/>
        <line num="502" count="1" type="stmt"/>
        <line num="503" count="1" type="stmt"/>
        <line num="504" count="1" type="stmt"/>
        <line num="505" count="1" type="stmt"/>
        <line num="506" count="1" type="stmt"/>
        <line num="507" count="1" type="stmt"/>
        <line num="508" count="1" type="stmt"/>
        <line num="509" count="1" type="stmt"/>
        <line num="510" count="1" type="stmt"/>
        <line num="511" count="1" type="stmt"/>
        <line num="512" count="1" type="stmt"/>
        <line num="513" count="1" type="stmt"/>
        <line num="514" count="23" type="cond" truecount="1" falsecount="0"/>
        <line num="515" count="23" type="stmt"/>
        <line num="516" count="23" type="stmt"/>
        <line num="517" count="23" type="stmt"/>
        <line num="518" count="23" type="stmt"/>
        <line num="519" count="23" type="stmt"/>
        <line num="520" count="23" type="stmt"/>
        <line num="521" count="23" type="stmt"/>
        <line num="522" count="23" type="stmt"/>
        <line num="523" count="23" type="stmt"/>
        <line num="524" count="23" type="stmt"/>
        <line num="525" count="23" type="stmt"/>
        <line num="526" count="23" type="stmt"/>
        <line num="527" count="23" type="stmt"/>
        <line num="528" count="23" type="stmt"/>
        <line num="529" count="23" type="stmt"/>
        <line num="530" count="23" type="stmt"/>
        <line num="531" count="23" type="stmt"/>
        <line num="532" count="23" type="stmt"/>
        <line num="533" count="0" type="stmt"/>
        <line num="534" count="0" type="stmt"/>
        <line num="535" count="0" type="stmt"/>
        <line num="536" count="23" type="stmt"/>
        <line num="537" count="23" type="stmt"/>
        <line num="538" count="23" type="stmt"/>
        <line num="539" count="23" type="stmt"/>
        <line num="540" count="23" type="stmt"/>
        <line num="541" count="23" type="stmt"/>
        <line num="542" count="23" type="stmt"/>
        <line num="543" count="23" type="stmt"/>
        <line num="544" count="23" type="stmt"/>
        <line num="545" count="23" type="stmt"/>
        <line num="546" count="23" type="stmt"/>
        <line num="547" count="23" type="stmt"/>
        <line num="548" count="23" type="stmt"/>
        <line num="549" count="23" type="stmt"/>
        <line num="550" count="23" type="stmt"/>
        <line num="551" count="23" type="stmt"/>
        <line num="552" count="23" type="stmt"/>
        <line num="553" count="23" type="stmt"/>
        <line num="554" count="23" type="stmt"/>
        <line num="555" count="23" type="stmt"/>
        <line num="556" count="23" type="stmt"/>
        <line num="557" count="23" type="stmt"/>
        <line num="558" count="23" type="stmt"/>
        <line num="559" count="23" type="stmt"/>
        <line num="560" count="23" type="stmt"/>
        <line num="561" count="23" type="stmt"/>
        <line num="562" count="23" type="cond" truecount="1" falsecount="0"/>
        <line num="563" count="23" type="stmt"/>
        <line num="564" count="23" type="cond" truecount="1" falsecount="0"/>
        <line num="565" count="21" type="cond" truecount="1" falsecount="0"/>
        <line num="566" count="2" type="stmt"/>
        <line num="567" count="23" type="stmt"/>
        <line num="568" count="23" type="stmt"/>
        <line num="569" count="23" type="stmt"/>
        <line num="570" count="23" type="stmt"/>
        <line num="571" count="23" type="stmt"/>
        <line num="572" count="23" type="cond" truecount="1" falsecount="0"/>
        <line num="573" count="23" type="stmt"/>
        <line num="574" count="23" type="cond" truecount="1" falsecount="0"/>
        <line num="575" count="2" type="cond" truecount="1" falsecount="0"/>
        <line num="576" count="21" type="stmt"/>
        <line num="577" count="23" type="stmt"/>
        <line num="578" count="23" type="stmt"/>
        <line num="579" count="23" type="stmt"/>
        <line num="580" count="23" type="stmt"/>
        <line num="581" count="23" type="stmt"/>
        <line num="582" count="23" type="stmt"/>
        <line num="583" count="23" type="stmt"/>
        <line num="584" count="23" type="stmt"/>
        <line num="585" count="23" type="stmt"/>
        <line num="586" count="23" type="stmt"/>
        <line num="587" count="23" type="stmt"/>
        <line num="588" count="23" type="stmt"/>
        <line num="589" count="23" type="stmt"/>
        <line num="590" count="23" type="stmt"/>
        <line num="591" count="23" type="stmt"/>
        <line num="592" count="23" type="stmt"/>
        <line num="593" count="23" type="stmt"/>
        <line num="594" count="23" type="stmt"/>
        <line num="595" count="23" type="stmt"/>
        <line num="596" count="23" type="stmt"/>
        <line num="597" count="23" type="cond" truecount="1" falsecount="0"/>
        <line num="598" count="2" type="stmt"/>
        <line num="599" count="2" type="stmt"/>
        <line num="600" count="2" type="stmt"/>
        <line num="601" count="23" type="stmt"/>
        <line num="602" count="23" type="stmt"/>
        <line num="603" count="23" type="stmt"/>
        <line num="604" count="23" type="stmt"/>
        <line num="605" count="23" type="stmt"/>
        <line num="606" count="23" type="stmt"/>
        <line num="607" count="23" type="stmt"/>
        <line num="608" count="23" type="stmt"/>
        <line num="609" count="23" type="stmt"/>
        <line num="610" count="23" type="stmt"/>
        <line num="611" count="23" type="stmt"/>
        <line num="612" count="23" type="stmt"/>
        <line num="613" count="23" type="stmt"/>
        <line num="614" count="23" type="stmt"/>
        <line num="615" count="23" type="stmt"/>
        <line num="616" count="23" type="stmt"/>
        <line num="617" count="23" type="stmt"/>
        <line num="618" count="23" type="stmt"/>
        <line num="619" count="23" type="stmt"/>
        <line num="620" count="23" type="stmt"/>
        <line num="621" count="23" type="stmt"/>
        <line num="622" count="23" type="stmt"/>
        <line num="623" count="23" type="stmt"/>
        <line num="624" count="23" type="stmt"/>
        <line num="625" count="23" type="stmt"/>
        <line num="626" count="23" type="stmt"/>
        <line num="627" count="23" type="stmt"/>
        <line num="628" count="23" type="stmt"/>
        <line num="629" count="23" type="stmt"/>
        <line num="630" count="23" type="stmt"/>
      </file>
    </package>
    <package name="components.ui">
      <metrics statements="92" coveredstatements="92" conditionals="3" coveredconditionals="2" methods="1" coveredmethods="1"/>
      <file name="badge.tsx" path="/Users/Angel/Documents/Projecten/jobs-ui/components/ui/badge.tsx">
        <metrics statements="35" coveredstatements="35" conditionals="1" coveredconditionals="1" methods="1" coveredmethods="1"/>
        <line num="1" count="1" type="stmt"/>
        <line num="2" count="1" type="stmt"/>
        <line num="3" count="1" type="stmt"/>
        <line num="4" count="1" type="stmt"/>
        <line num="5" count="1" type="stmt"/>
        <line num="6" count="1" type="stmt"/>
        <line num="7" count="1" type="stmt"/>
        <line num="8" count="1" type="stmt"/>
        <line num="9" count="1" type="stmt"/>
        <line num="10" count="1" type="stmt"/>
        <line num="11" count="1" type="stmt"/>
        <line num="12" count="1" type="stmt"/>
        <line num="13" count="1" type="stmt"/>
        <line num="14" count="1" type="stmt"/>
        <line num="15" count="1" type="stmt"/>
        <line num="16" count="1" type="stmt"/>
        <line num="17" count="1" type="stmt"/>
        <line num="18" count="1" type="stmt"/>
        <line num="19" count="1" type="stmt"/>
        <line num="20" count="1" type="stmt"/>
        <line num="21" count="1" type="stmt"/>
        <line num="22" count="1" type="stmt"/>
        <line num="23" count="1" type="stmt"/>
        <line num="24" count="1" type="stmt"/>
        <line num="25" count="1" type="stmt"/>
        <line num="26" count="1" type="stmt"/>
        <line num="27" count="1" type="stmt"/>
        <line num="28" count="1" type="stmt"/>
        <line num="29" count="76" type="cond" truecount="1" falsecount="0"/>
        <line num="30" count="76" type="stmt"/>
        <line num="31" count="76" type="stmt"/>
        <line num="32" count="76" type="stmt"/>
        <line num="33" count="76" type="stmt"/>
        <line num="34" count="1" type="stmt"/>
        <line num="35" count="1" type="stmt"/>
      </file>
      <file name="button.tsx" path="/Users/Angel/Documents/Projecten/jobs-ui/components/ui/button.tsx">
        <metrics statements="57" coveredstatements="57" conditionals="2" coveredconditionals="1" methods="0" coveredmethods="0"/>
        <line num="1" count="1" type="stmt"/>
        <line num="2" count="1" type="stmt"/>
        <line num="3" count="1" type="stmt"/>
        <line num="4" count="1" type="stmt"/>
        <line num="5" count="1" type="stmt"/>
        <line num="6" count="1" type="stmt"/>
        <line num="7" count="1" type="stmt"/>
        <line num="8" count="1" type="stmt"/>
        <line num="9" count="1" type="stmt"/>
        <line num="10" count="1" type="stmt"/>
        <line num="11" count="1" type="stmt"/>
        <line num="12" count="1" type="stmt"/>
        <line num="13" count="1" type="stmt"/>
        <line num="14" count="1" type="stmt"/>
        <line num="15" count="1" type="stmt"/>
        <line num="16" count="1" type="stmt"/>
        <line num="17" count="1" type="stmt"/>
        <line num="18" count="1" type="stmt"/>
        <line num="19" count="1" type="stmt"/>
        <line num="20" count="1" type="stmt"/>
        <line num="21" count="1" type="stmt"/>
        <line num="22" count="1" type="stmt"/>
        <line num="23" count="1" type="stmt"/>
        <line num="24" count="1" type="stmt"/>
        <line num="25" count="1" type="stmt"/>
        <line num="26" count="1" type="stmt"/>
        <line num="27" count="1" type="stmt"/>
        <line num="28" count="1" type="stmt"/>
        <line num="29" count="1" type="stmt"/>
        <line num="30" count="1" type="stmt"/>
        <line num="31" count="1" type="stmt"/>
        <line num="32" count="1" type="stmt"/>
        <line num="33" count="1" type="stmt"/>
        <line num="34" count="1" type="stmt"/>
        <line num="35" count="1" type="stmt"/>
        <line num="36" count="1" type="stmt"/>
        <line num="37" count="1" type="stmt"/>
        <line num="38" count="1" type="stmt"/>
        <line num="39" count="1" type="stmt"/>
        <line num="40" count="1" type="stmt"/>
        <line num="41" count="1" type="stmt"/>
        <line num="42" count="1" type="stmt"/>
        <line num="43" count="1" type="stmt"/>
        <line num="44" count="1" type="cond" truecount="1" falsecount="0"/>
        <line num="45" count="69" type="cond" truecount="0" falsecount="1"/>
        <line num="46" count="69" type="stmt"/>
        <line num="47" count="69" type="stmt"/>
        <line num="48" count="69" type="stmt"/>
        <line num="49" count="69" type="stmt"/>
        <line num="50" count="69" type="stmt"/>
        <line num="51" count="69" type="stmt"/>
        <line num="52" count="69" type="stmt"/>
        <line num="53" count="69" type="stmt"/>
        <line num="54" count="1" type="stmt"/>
        <line num="55" count="1" type="stmt"/>
        <line num="56" count="1" type="stmt"/>
        <line num="57" count="1" type="stmt"/>
      </file>
    </package>
    <package name="lib">
      <metrics statements="82" coveredstatements="82" conditionals="14" coveredconditionals="14" methods="10" coveredmethods="10"/>
      <file name="utils.ts" path="/Users/Angel/Documents/Projecten/jobs-ui/lib/utils.ts">
        <metrics statements="82" coveredstatements="82" conditionals="14" coveredconditionals="14" methods="10" coveredmethods="10"/>
        <line num="1" count="1" type="stmt"/>
        <line num="2" count="1" type="stmt"/>
        <line num="3" count="1" type="stmt"/>
        <line num="4" count="1" type="stmt"/>
        <line num="5" count="1" type="cond" truecount="1" falsecount="0"/>
        <line num="6" count="145" type="stmt"/>
        <line num="7" count="145" type="stmt"/>
        <line num="8" count="1" type="stmt"/>
        <line num="9" count="1" type="cond" truecount="1" falsecount="0"/>
        <line num="10" count="99" type="cond" truecount="2" falsecount="0"/>
        <line num="11" count="99" type="stmt"/>
        <line num="12" count="1" type="stmt"/>
        <line num="13" count="1" type="cond" truecount="1" falsecount="0"/>
        <line num="14" count="26" type="stmt"/>
        <line num="15" count="26" type="stmt"/>
        <line num="16" count="26" type="stmt"/>
        <line num="17" count="26" type="stmt"/>
        <line num="18" count="26" type="stmt"/>
        <line num="19" count="26" type="stmt"/>
        <line num="20" count="26" type="stmt"/>
        <line num="21" count="26" type="stmt"/>
        <line num="22" count="26" type="stmt"/>
        <line num="23" count="1" type="stmt"/>
        <line num="24" count="1" type="cond" truecount="1" falsecount="0"/>
        <line num="25" count="3" type="stmt"/>
        <line num="26" count="3" type="stmt"/>
        <line num="27" count="1" type="stmt"/>
        <line num="28" count="1" type="cond" truecount="1" falsecount="0"/>
        <line num="29" count="4" type="cond" truecount="2" falsecount="0"/>
        <line num="30" count="1" type="stmt"/>
        <line num="31" count="1" type="stmt"/>
        <line num="32" count="1" type="stmt"/>
        <line num="33" count="1" type="stmt"/>
        <line num="34" count="1" type="cond" truecount="1" falsecount="0"/>
        <line num="35" count="31" type="stmt"/>
        <line num="36" count="31" type="stmt"/>
        <line num="37" count="31" type="stmt"/>
        <line num="38" count="31" type="stmt"/>
        <line num="39" count="31" type="stmt"/>
        <line num="40" count="31" type="stmt"/>
        <line num="41" count="31" type="stmt"/>
        <line num="42" count="31" type="stmt"/>
        <line num="43" count="31" type="stmt"/>
        <line num="44" count="31" type="stmt"/>
        <line num="45" count="1" type="stmt"/>
        <line num="46" count="1" type="cond" truecount="1" falsecount="0"/>
        <line num="47" count="27" type="stmt"/>
        <line num="48" count="27" type="stmt"/>
        <line num="49" count="27" type="stmt"/>
        <line num="50" count="27" type="stmt"/>
        <line num="51" count="27" type="stmt"/>
        <line num="52" count="27" type="stmt"/>
        <line num="53" count="27" type="stmt"/>
        <line num="54" count="27" type="stmt"/>
        <line num="55" count="1" type="stmt"/>
        <line num="56" count="1" type="cond" truecount="1" falsecount="0"/>
        <line num="57" count="32" type="stmt"/>
        <line num="58" count="32" type="stmt"/>
        <line num="59" count="32" type="stmt"/>
        <line num="60" count="32" type="stmt"/>
        <line num="61" count="32" type="stmt"/>
        <line num="62" count="32" type="stmt"/>
        <line num="63" count="32" type="stmt"/>
        <line num="64" count="32" type="stmt"/>
        <line num="65" count="32" type="stmt"/>
        <line num="66" count="32" type="stmt"/>
        <line num="67" count="32" type="stmt"/>
        <line num="68" count="32" type="stmt"/>
        <line num="69" count="32" type="stmt"/>
        <line num="70" count="1" type="stmt"/>
        <line num="71" count="1" type="cond" truecount="1" falsecount="0"/>
        <line num="72" count="4" type="stmt"/>
        <line num="73" count="4" type="stmt"/>
        <line num="74" count="1" type="stmt"/>
        <line num="75" count="1" type="cond" truecount="1" falsecount="0"/>
        <line num="76" count="9" type="stmt"/>
        <line num="77" count="9" type="stmt"/>
        <line num="78" count="9" type="stmt"/>
        <line num="79" count="9" type="stmt"/>
        <line num="80" count="9" type="stmt"/>
        <line num="81" count="9" type="stmt"/>
        <line num="82" count="9" type="stmt"/>
      </file>
    </package>
  </project>
</coverage>
