{"/Users/Angel/Documents/Projecten/jobs-ui/app/vacature/[id]/[slug]/job-details.tsx": {"path":"/Users/Angel/Documents/Projecten/jobs-ui/app/vacature/[id]/[slug]/job-details.tsx","all":false,"statementMap":{"0":{"start":{"line":1,"column":0},"end":{"line":1,"column":13}},"1":{"start":{"line":2,"column":0},"end":{"line":2,"column":8}},"2":{"start":{"line":3,"column":0},"end":{"line":3,"column":11}},"3":{"start":{"line":4,"column":0},"end":{"line":4,"column":14}},"4":{"start":{"line":5,"column":0},"end":{"line":5,"column":12}},"5":{"start":{"line":6,"column":0},"end":{"line":6,"column":18}},"6":{"start":{"line":7,"column":0},"end":{"line":7,"column":25}},"7":{"start":{"line":8,"column":0},"end":{"line":8,"column":29}},"8":{"start":{"line":9,"column":0},"end":{"line":9,"column":8}},"9":{"start":{"line":10,"column":0},"end":{"line":10,"column":8}},"10":{"start":{"line":11,"column":0},"end":{"line":11,"column":11}},"11":{"start":{"line":12,"column":0},"end":{"line":12,"column":11}},"12":{"start":{"line":13,"column":0},"end":{"line":13,"column":8}},"13":{"start":{"line":14,"column":0},"end":{"line":14,"column":11}},"14":{"start":{"line":15,"column":0},"end":{"line":15,"column":16}},"15":{"start":{"line":16,"column":0},"end":{"line":16,"column":12}},"16":{"start":{"line":17,"column":0},"end":{"line":17,"column":9}},"17":{"start":{"line":18,"column":0},"end":{"line":18,"column":12}},"18":{"start":{"line":19,"column":0},"end":{"line":19,"column":22}},"19":{"start":{"line":20,"column":0},"end":{"line":20,"column":48}},"20":{"start":{"line":21,"column":0},"end":{"line":21,"column":46}},"21":{"start":{"line":22,"column":0},"end":{"line":22,"column":52}},"22":{"start":{"line":23,"column":0},"end":{"line":23,"column":31}},"23":{"start":{"line":24,"column":0},"end":{"line":24,"column":43}},"24":{"start":{"line":25,"column":0},"end":{"line":25,"column":8}},"25":{"start":{"line":26,"column":0},"end":{"line":26,"column":13}},"26":{"start":{"line":27,"column":0},"end":{"line":27,"column":17}},"27":{"start":{"line":28,"column":0},"end":{"line":28,"column":18}},"28":{"start":{"line":29,"column":0},"end":{"line":29,"column":13}},"29":{"start":{"line":30,"column":0},"end":{"line":30,"column":17}},"30":{"start":{"line":31,"column":0},"end":{"line":31,"column":10}},"31":{"start":{"line":32,"column":0},"end":{"line":32,"column":21}},"32":{"start":{"line":33,"column":0},"end":{"line":33,"column":43}},"33":{"start":{"line":34,"column":0},"end":{"line":34,"column":35}},"34":{"start":{"line":35,"column":0},"end":{"line":35,"column":34}},"35":{"start":{"line":36,"column":0},"end":{"line":36,"column":46}},"36":{"start":{"line":37,"column":0},"end":{"line":37,"column":54}},"37":{"start":{"line":38,"column":0},"end":{"line":38,"column":0}},"38":{"start":{"line":39,"column":0},"end":{"line":39,"column":59}},"39":{"start":{"line":40,"column":0},"end":{"line":40,"column":19}},"40":{"start":{"line":41,"column":0},"end":{"line":41,"column":20}},"41":{"start":{"line":42,"column":0},"end":{"line":42,"column":20}},"42":{"start":{"line":43,"column":0},"end":{"line":43,"column":18}},"43":{"start":{"line":44,"column":0},"end":{"line":44,"column":29}},"44":{"start":{"line":45,"column":0},"end":{"line":45,"column":2}},"45":{"start":{"line":46,"column":0},"end":{"line":46,"column":0}},"46":{"start":{"line":47,"column":0},"end":{"line":47,"column":59}},"47":{"start":{"line":48,"column":0},"end":{"line":48,"column":19}},"48":{"start":{"line":49,"column":0},"end":{"line":49,"column":19}},"49":{"start":{"line":50,"column":0},"end":{"line":50,"column":19}},"50":{"start":{"line":51,"column":0},"end":{"line":51,"column":20}},"51":{"start":{"line":52,"column":0},"end":{"line":52,"column":2}},"52":{"start":{"line":53,"column":0},"end":{"line":53,"column":0}},"53":{"start":{"line":54,"column":0},"end":{"line":54,"column":24}},"54":{"start":{"line":55,"column":0},"end":{"line":55,"column":11}},"55":{"start":{"line":56,"column":0},"end":{"line":56,"column":28}},"56":{"start":{"line":57,"column":0},"end":{"line":57,"column":35}},"57":{"start":{"line":58,"column":0},"end":{"line":58,"column":2}},"58":{"start":{"line":59,"column":0},"end":{"line":59,"column":0}},"59":{"start":{"line":60,"column":0},"end":{"line":60,"column":21}},"60":{"start":{"line":61,"column":0},"end":{"line":61,"column":11}},"61":{"start":{"line":62,"column":0},"end":{"line":62,"column":20}},"62":{"start":{"line":63,"column":0},"end":{"line":63,"column":61}},"63":{"start":{"line":64,"column":0},"end":{"line":64,"column":35}},"64":{"start":{"line":65,"column":0},"end":{"line":65,"column":39}},"65":{"start":{"line":66,"column":0},"end":{"line":66,"column":39}},"66":{"start":{"line":67,"column":0},"end":{"line":67,"column":19}},"67":{"start":{"line":68,"column":0},"end":{"line":68,"column":2}},"68":{"start":{"line":69,"column":0},"end":{"line":69,"column":0}},"69":{"start":{"line":70,"column":0},"end":{"line":70,"column":36}},"70":{"start":{"line":71,"column":0},"end":{"line":71,"column":6}},"71":{"start":{"line":72,"column":0},"end":{"line":72,"column":14}},"72":{"start":{"line":73,"column":0},"end":{"line":73,"column":21}},"73":{"start":{"line":74,"column":0},"end":{"line":74,"column":21}},"74":{"start":{"line":75,"column":0},"end":{"line":75,"column":29}},"75":{"start":{"line":76,"column":0},"end":{"line":76,"column":33}},"76":{"start":{"line":77,"column":0},"end":{"line":77,"column":41}},"77":{"start":{"line":78,"column":0},"end":{"line":78,"column":64}},"78":{"start":{"line":79,"column":0},"end":{"line":79,"column":57}},"79":{"start":{"line":80,"column":0},"end":{"line":80,"column":59}},"80":{"start":{"line":81,"column":0},"end":{"line":81,"column":57}},"81":{"start":{"line":82,"column":0},"end":{"line":82,"column":52}},"82":{"start":{"line":83,"column":0},"end":{"line":83,"column":0}},"83":{"start":{"line":84,"column":0},"end":{"line":84,"column":19}},"84":{"start":{"line":85,"column":0},"end":{"line":85,"column":24}},"85":{"start":{"line":86,"column":0},"end":{"line":86,"column":0}},"86":{"start":{"line":87,"column":0},"end":{"line":87,"column":32}},"87":{"start":{"line":88,"column":0},"end":{"line":88,"column":21}},"88":{"start":{"line":89,"column":0},"end":{"line":89,"column":44}},"89":{"start":{"line":90,"column":0},"end":{"line":90,"column":14}},"90":{"start":{"line":91,"column":0},"end":{"line":91,"column":43}},"91":{"start":{"line":92,"column":0},"end":{"line":92,"column":41}},"92":{"start":{"line":93,"column":0},"end":{"line":93,"column":33}},"93":{"start":{"line":94,"column":0},"end":{"line":94,"column":13}},"94":{"start":{"line":95,"column":0},"end":{"line":95,"column":28}},"95":{"start":{"line":96,"column":0},"end":{"line":96,"column":19}},"96":{"start":{"line":97,"column":0},"end":{"line":97,"column":11}},"97":{"start":{"line":98,"column":0},"end":{"line":98,"column":0}},"98":{"start":{"line":99,"column":0},"end":{"line":99,"column":28}},"99":{"start":{"line":100,"column":0},"end":{"line":100,"column":64}},"100":{"start":{"line":101,"column":0},"end":{"line":101,"column":32}},"101":{"start":{"line":102,"column":0},"end":{"line":102,"column":62}},"102":{"start":{"line":103,"column":0},"end":{"line":103,"column":34}},"103":{"start":{"line":104,"column":0},"end":{"line":104,"column":37}},"104":{"start":{"line":105,"column":0},"end":{"line":105,"column":0}},"105":{"start":{"line":106,"column":0},"end":{"line":106,"column":65}},"106":{"start":{"line":107,"column":0},"end":{"line":107,"column":35}},"107":{"start":{"line":108,"column":0},"end":{"line":108,"column":71}},"108":{"start":{"line":109,"column":0},"end":{"line":109,"column":0}},"109":{"start":{"line":110,"column":0},"end":{"line":110,"column":51}},"110":{"start":{"line":111,"column":0},"end":{"line":111,"column":70}},"111":{"start":{"line":112,"column":0},"end":{"line":112,"column":64}},"112":{"start":{"line":113,"column":0},"end":{"line":113,"column":18}},"113":{"start":{"line":114,"column":0},"end":{"line":114,"column":67}},"114":{"start":{"line":115,"column":0},"end":{"line":115,"column":67}},"115":{"start":{"line":116,"column":0},"end":{"line":116,"column":11}},"116":{"start":{"line":117,"column":0},"end":{"line":117,"column":0}},"117":{"start":{"line":118,"column":0},"end":{"line":118,"column":26}},"118":{"start":{"line":119,"column":0},"end":{"line":119,"column":11}},"119":{"start":{"line":120,"column":0},"end":{"line":120,"column":23}},"120":{"start":{"line":121,"column":0},"end":{"line":121,"column":7}},"121":{"start":{"line":122,"column":0},"end":{"line":122,"column":6}},"122":{"start":{"line":123,"column":0},"end":{"line":123,"column":0}},"123":{"start":{"line":124,"column":0},"end":{"line":124,"column":71}},"124":{"start":{"line":125,"column":0},"end":{"line":125,"column":19}},"125":{"start":{"line":126,"column":0},"end":{"line":126,"column":0}},"126":{"start":{"line":127,"column":0},"end":{"line":127,"column":68}},"127":{"start":{"line":128,"column":0},"end":{"line":128,"column":9}},"128":{"start":{"line":129,"column":0},"end":{"line":129,"column":0}},"129":{"start":{"line":130,"column":0},"end":{"line":130,"column":13}},"130":{"start":{"line":131,"column":0},"end":{"line":131,"column":15}},"131":{"start":{"line":132,"column":0},"end":{"line":132,"column":3}},"132":{"start":{"line":133,"column":0},"end":{"line":133,"column":0}},"133":{"start":{"line":134,"column":0},"end":{"line":134,"column":19}},"134":{"start":{"line":135,"column":0},"end":{"line":135,"column":35}},"135":{"start":{"line":136,"column":0},"end":{"line":136,"column":30}},"136":{"start":{"line":137,"column":0},"end":{"line":137,"column":50}},"137":{"start":{"line":138,"column":0},"end":{"line":138,"column":0}},"138":{"start":{"line":139,"column":0},"end":{"line":139,"column":67}},"139":{"start":{"line":140,"column":0},"end":{"line":140,"column":0}},"140":{"start":{"line":141,"column":0},"end":{"line":141,"column":10}},"141":{"start":{"line":142,"column":0},"end":{"line":142,"column":57}},"142":{"start":{"line":143,"column":0},"end":{"line":143,"column":10}},"143":{"start":{"line":144,"column":0},"end":{"line":144,"column":26}},"144":{"start":{"line":145,"column":0},"end":{"line":145,"column":171}},"145":{"start":{"line":146,"column":0},"end":{"line":146,"column":7}},"146":{"start":{"line":147,"column":0},"end":{"line":147,"column":78}},"147":{"start":{"line":148,"column":0},"end":{"line":148,"column":15}},"148":{"start":{"line":149,"column":0},"end":{"line":149,"column":76}},"149":{"start":{"line":150,"column":0},"end":{"line":150,"column":25}},"150":{"start":{"line":151,"column":0},"end":{"line":151,"column":16}},"151":{"start":{"line":152,"column":0},"end":{"line":152,"column":16}},"152":{"start":{"line":153,"column":0},"end":{"line":153,"column":17}},"153":{"start":{"line":154,"column":0},"end":{"line":154,"column":28}},"154":{"start":{"line":155,"column":0},"end":{"line":155,"column":59}},"155":{"start":{"line":156,"column":0},"end":{"line":156,"column":75}},"156":{"start":{"line":157,"column":0},"end":{"line":157,"column":14}},"157":{"start":{"line":158,"column":0},"end":{"line":158,"column":91}},"158":{"start":{"line":159,"column":0},"end":{"line":159,"column":11}},"159":{"start":{"line":160,"column":0},"end":{"line":160,"column":23}},"160":{"start":{"line":161,"column":0},"end":{"line":161,"column":19}},"161":{"start":{"line":162,"column":0},"end":{"line":162,"column":14}},"162":{"start":{"line":163,"column":0},"end":{"line":163,"column":12}},"163":{"start":{"line":164,"column":0},"end":{"line":164,"column":0}},"164":{"start":{"line":165,"column":0},"end":{"line":165,"column":48}},"165":{"start":{"line":166,"column":0},"end":{"line":166,"column":69}},"166":{"start":{"line":167,"column":0},"end":{"line":167,"column":77}},"167":{"start":{"line":168,"column":0},"end":{"line":168,"column":76}},"168":{"start":{"line":169,"column":0},"end":{"line":169,"column":19}},"169":{"start":{"line":170,"column":0},"end":{"line":170,"column":19}},"170":{"start":{"line":171,"column":0},"end":{"line":171,"column":26}},"171":{"start":{"line":172,"column":0},"end":{"line":172,"column":17}},"172":{"start":{"line":173,"column":0},"end":{"line":173,"column":30}},"173":{"start":{"line":174,"column":0},"end":{"line":174,"column":22}},"174":{"start":{"line":175,"column":0},"end":{"line":175,"column":45}},"175":{"start":{"line":176,"column":0},"end":{"line":176,"column":20}},"176":{"start":{"line":177,"column":0},"end":{"line":177,"column":62}},"177":{"start":{"line":178,"column":0},"end":{"line":178,"column":16}},"178":{"start":{"line":179,"column":0},"end":{"line":179,"column":14}},"179":{"start":{"line":180,"column":0},"end":{"line":180,"column":12}},"180":{"start":{"line":181,"column":0},"end":{"line":181,"column":0}},"181":{"start":{"line":182,"column":0},"end":{"line":182,"column":67}},"182":{"start":{"line":183,"column":0},"end":{"line":183,"column":57}},"183":{"start":{"line":184,"column":0},"end":{"line":184,"column":42}},"184":{"start":{"line":185,"column":0},"end":{"line":185,"column":34}},"185":{"start":{"line":186,"column":0},"end":{"line":186,"column":102}},"186":{"start":{"line":187,"column":0},"end":{"line":187,"column":56}},"187":{"start":{"line":188,"column":0},"end":{"line":188,"column":109}},"188":{"start":{"line":189,"column":0},"end":{"line":189,"column":32}},"189":{"start":{"line":190,"column":0},"end":{"line":190,"column":27}},"190":{"start":{"line":191,"column":0},"end":{"line":191,"column":43}},"191":{"start":{"line":192,"column":0},"end":{"line":192,"column":90}},"192":{"start":{"line":193,"column":0},"end":{"line":193,"column":37}},"193":{"start":{"line":194,"column":0},"end":{"line":194,"column":23}},"194":{"start":{"line":195,"column":0},"end":{"line":195,"column":54}},"195":{"start":{"line":196,"column":0},"end":{"line":196,"column":31}},"196":{"start":{"line":197,"column":0},"end":{"line":197,"column":22}},"197":{"start":{"line":198,"column":0},"end":{"line":198,"column":24}},"198":{"start":{"line":199,"column":0},"end":{"line":199,"column":23}},"199":{"start":{"line":200,"column":0},"end":{"line":200,"column":90}},"200":{"start":{"line":201,"column":0},"end":{"line":201,"column":86}},"201":{"start":{"line":202,"column":0},"end":{"line":202,"column":35}},"202":{"start":{"line":203,"column":0},"end":{"line":203,"column":27}},"203":{"start":{"line":204,"column":0},"end":{"line":204,"column":26}},"204":{"start":{"line":205,"column":0},"end":{"line":205,"column":93}},"205":{"start":{"line":206,"column":0},"end":{"line":206,"column":39}},"206":{"start":{"line":207,"column":0},"end":{"line":207,"column":66}},"207":{"start":{"line":208,"column":0},"end":{"line":208,"column":42}},"208":{"start":{"line":209,"column":0},"end":{"line":209,"column":29}},"209":{"start":{"line":210,"column":0},"end":{"line":210,"column":37}},"210":{"start":{"line":211,"column":0},"end":{"line":211,"column":27}},"211":{"start":{"line":212,"column":0},"end":{"line":212,"column":40}},"212":{"start":{"line":213,"column":0},"end":{"line":213,"column":32}},"213":{"start":{"line":214,"column":0},"end":{"line":214,"column":65}},"214":{"start":{"line":215,"column":0},"end":{"line":215,"column":23}},"215":{"start":{"line":216,"column":0},"end":{"line":216,"column":51}},"216":{"start":{"line":217,"column":0},"end":{"line":217,"column":29}},"217":{"start":{"line":218,"column":0},"end":{"line":218,"column":26}},"218":{"start":{"line":219,"column":0},"end":{"line":219,"column":24}},"219":{"start":{"line":220,"column":0},"end":{"line":220,"column":22}},"220":{"start":{"line":221,"column":0},"end":{"line":221,"column":20}},"221":{"start":{"line":222,"column":0},"end":{"line":222,"column":0}},"222":{"start":{"line":223,"column":0},"end":{"line":223,"column":18}},"223":{"start":{"line":224,"column":0},"end":{"line":224,"column":41}},"224":{"start":{"line":225,"column":0},"end":{"line":225,"column":38}},"225":{"start":{"line":226,"column":0},"end":{"line":226,"column":48}},"226":{"start":{"line":227,"column":0},"end":{"line":227,"column":15}},"227":{"start":{"line":228,"column":0},"end":{"line":228,"column":48}},"228":{"start":{"line":229,"column":0},"end":{"line":229,"column":75}},"229":{"start":{"line":230,"column":0},"end":{"line":230,"column":25}},"230":{"start":{"line":231,"column":0},"end":{"line":231,"column":26}},"231":{"start":{"line":232,"column":0},"end":{"line":232,"column":19}},"232":{"start":{"line":233,"column":0},"end":{"line":233,"column":20}},"233":{"start":{"line":234,"column":0},"end":{"line":234,"column":18}},"234":{"start":{"line":235,"column":0},"end":{"line":235,"column":0}},"235":{"start":{"line":236,"column":0},"end":{"line":236,"column":34}},"236":{"start":{"line":237,"column":0},"end":{"line":237,"column":71}},"237":{"start":{"line":238,"column":0},"end":{"line":238,"column":41}},"238":{"start":{"line":239,"column":0},"end":{"line":239,"column":19}},"239":{"start":{"line":240,"column":0},"end":{"line":240,"column":64}},"240":{"start":{"line":241,"column":0},"end":{"line":241,"column":25}},"241":{"start":{"line":242,"column":0},"end":{"line":242,"column":53}},"242":{"start":{"line":243,"column":0},"end":{"line":243,"column":38}},"243":{"start":{"line":244,"column":0},"end":{"line":244,"column":59}},"244":{"start":{"line":245,"column":0},"end":{"line":245,"column":18}},"245":{"start":{"line":246,"column":0},"end":{"line":246,"column":25}},"246":{"start":{"line":247,"column":0},"end":{"line":247,"column":53}},"247":{"start":{"line":248,"column":0},"end":{"line":248,"column":34}},"248":{"start":{"line":249,"column":0},"end":{"line":249,"column":74}},"249":{"start":{"line":250,"column":0},"end":{"line":250,"column":18}},"250":{"start":{"line":251,"column":0},"end":{"line":251,"column":25}},"251":{"start":{"line":252,"column":0},"end":{"line":252,"column":53}},"252":{"start":{"line":253,"column":0},"end":{"line":253,"column":33}},"253":{"start":{"line":254,"column":0},"end":{"line":254,"column":155}},"254":{"start":{"line":255,"column":0},"end":{"line":255,"column":18}},"255":{"start":{"line":256,"column":0},"end":{"line":256,"column":25}},"256":{"start":{"line":257,"column":0},"end":{"line":257,"column":50}},"257":{"start":{"line":258,"column":0},"end":{"line":258,"column":41}},"258":{"start":{"line":259,"column":0},"end":{"line":259,"column":74}},"259":{"start":{"line":260,"column":0},"end":{"line":260,"column":18}},"260":{"start":{"line":261,"column":0},"end":{"line":261,"column":25}},"261":{"start":{"line":262,"column":0},"end":{"line":262,"column":58}},"262":{"start":{"line":263,"column":0},"end":{"line":263,"column":35}},"263":{"start":{"line":264,"column":0},"end":{"line":264,"column":62}},"264":{"start":{"line":265,"column":0},"end":{"line":265,"column":18}},"265":{"start":{"line":266,"column":0},"end":{"line":266,"column":25}},"266":{"start":{"line":267,"column":0},"end":{"line":267,"column":54}},"267":{"start":{"line":268,"column":0},"end":{"line":268,"column":34}},"268":{"start":{"line":269,"column":0},"end":{"line":269,"column":60}},"269":{"start":{"line":270,"column":0},"end":{"line":270,"column":18}},"270":{"start":{"line":271,"column":0},"end":{"line":271,"column":25}},"271":{"start":{"line":272,"column":0},"end":{"line":272,"column":54}},"272":{"start":{"line":273,"column":0},"end":{"line":273,"column":33}},"273":{"start":{"line":274,"column":0},"end":{"line":274,"column":52}},"274":{"start":{"line":275,"column":0},"end":{"line":275,"column":18}},"275":{"start":{"line":276,"column":0},"end":{"line":276,"column":25}},"276":{"start":{"line":277,"column":0},"end":{"line":277,"column":50}},"277":{"start":{"line":278,"column":0},"end":{"line":278,"column":39}},"278":{"start":{"line":279,"column":0},"end":{"line":279,"column":41}},"279":{"start":{"line":280,"column":0},"end":{"line":280,"column":18}},"280":{"start":{"line":281,"column":0},"end":{"line":281,"column":20}},"281":{"start":{"line":282,"column":0},"end":{"line":282,"column":18}},"282":{"start":{"line":283,"column":0},"end":{"line":283,"column":0}},"283":{"start":{"line":284,"column":0},"end":{"line":284,"column":34}},"284":{"start":{"line":285,"column":0},"end":{"line":285,"column":62}},"285":{"start":{"line":286,"column":0},"end":{"line":286,"column":59}},"286":{"start":{"line":287,"column":0},"end":{"line":287,"column":40}},"287":{"start":{"line":288,"column":0},"end":{"line":288,"column":32}},"288":{"start":{"line":289,"column":0},"end":{"line":289,"column":0}},"289":{"start":{"line":290,"column":0},"end":{"line":290,"column":76}},"290":{"start":{"line":291,"column":0},"end":{"line":291,"column":53}},"291":{"start":{"line":292,"column":0},"end":{"line":292,"column":21}},"292":{"start":{"line":293,"column":0},"end":{"line":293,"column":37}},"293":{"start":{"line":294,"column":0},"end":{"line":294,"column":71}},"294":{"start":{"line":295,"column":0},"end":{"line":295,"column":32}},"295":{"start":{"line":296,"column":0},"end":{"line":296,"column":36}},"296":{"start":{"line":297,"column":0},"end":{"line":297,"column":51}},"297":{"start":{"line":298,"column":0},"end":{"line":298,"column":37}},"298":{"start":{"line":299,"column":0},"end":{"line":299,"column":48}},"299":{"start":{"line":300,"column":0},"end":{"line":300,"column":62}},"300":{"start":{"line":301,"column":0},"end":{"line":301,"column":28}},"301":{"start":{"line":302,"column":0},"end":{"line":302,"column":26}},"302":{"start":{"line":303,"column":0},"end":{"line":303,"column":23}},"303":{"start":{"line":304,"column":0},"end":{"line":304,"column":27}},"304":{"start":{"line":305,"column":0},"end":{"line":305,"column":38}},"305":{"start":{"line":306,"column":0},"end":{"line":306,"column":25}},"306":{"start":{"line":307,"column":0},"end":{"line":307,"column":21}},"307":{"start":{"line":308,"column":0},"end":{"line":308,"column":21}},"308":{"start":{"line":309,"column":0},"end":{"line":309,"column":76}},"309":{"start":{"line":310,"column":0},"end":{"line":310,"column":27}},"310":{"start":{"line":311,"column":0},"end":{"line":311,"column":21}},"311":{"start":{"line":312,"column":0},"end":{"line":312,"column":20}},"312":{"start":{"line":313,"column":0},"end":{"line":313,"column":67}},"313":{"start":{"line":314,"column":0},"end":{"line":314,"column":32}},"314":{"start":{"line":315,"column":0},"end":{"line":315,"column":36}},"315":{"start":{"line":316,"column":0},"end":{"line":316,"column":51}},"316":{"start":{"line":317,"column":0},"end":{"line":317,"column":37}},"317":{"start":{"line":318,"column":0},"end":{"line":318,"column":48}},"318":{"start":{"line":319,"column":0},"end":{"line":319,"column":62}},"319":{"start":{"line":320,"column":0},"end":{"line":320,"column":28}},"320":{"start":{"line":321,"column":0},"end":{"line":321,"column":26}},"321":{"start":{"line":322,"column":0},"end":{"line":322,"column":23}},"322":{"start":{"line":323,"column":0},"end":{"line":323,"column":27}},"323":{"start":{"line":324,"column":0},"end":{"line":324,"column":38}},"324":{"start":{"line":325,"column":0},"end":{"line":325,"column":25}},"325":{"start":{"line":326,"column":0},"end":{"line":326,"column":21}},"326":{"start":{"line":327,"column":0},"end":{"line":327,"column":21}},"327":{"start":{"line":328,"column":0},"end":{"line":328,"column":76}},"328":{"start":{"line":329,"column":0},"end":{"line":329,"column":47}},"329":{"start":{"line":330,"column":0},"end":{"line":330,"column":21}},"330":{"start":{"line":331,"column":0},"end":{"line":331,"column":20}},"331":{"start":{"line":332,"column":0},"end":{"line":332,"column":22}},"332":{"start":{"line":333,"column":0},"end":{"line":333,"column":28}},"333":{"start":{"line":334,"column":0},"end":{"line":334,"column":60}},"334":{"start":{"line":335,"column":0},"end":{"line":335,"column":58}},"335":{"start":{"line":336,"column":0},"end":{"line":336,"column":34}},"336":{"start":{"line":337,"column":0},"end":{"line":337,"column":67}},"337":{"start":{"line":338,"column":0},"end":{"line":338,"column":23}},"338":{"start":{"line":339,"column":0},"end":{"line":339,"column":22}},"339":{"start":{"line":340,"column":0},"end":{"line":340,"column":28}},"340":{"start":{"line":341,"column":0},"end":{"line":341,"column":76}},"341":{"start":{"line":342,"column":0},"end":{"line":342,"column":57}},"342":{"start":{"line":343,"column":0},"end":{"line":343,"column":34}},"343":{"start":{"line":344,"column":0},"end":{"line":344,"column":70}},"344":{"start":{"line":345,"column":0},"end":{"line":345,"column":23}},"345":{"start":{"line":346,"column":0},"end":{"line":346,"column":22}},"346":{"start":{"line":347,"column":0},"end":{"line":347,"column":51}},"347":{"start":{"line":348,"column":0},"end":{"line":348,"column":61}},"348":{"start":{"line":349,"column":0},"end":{"line":349,"column":23}},"349":{"start":{"line":350,"column":0},"end":{"line":350,"column":22}},"350":{"start":{"line":351,"column":0},"end":{"line":351,"column":63}},"351":{"start":{"line":352,"column":0},"end":{"line":352,"column":65}},"352":{"start":{"line":353,"column":0},"end":{"line":353,"column":23}},"353":{"start":{"line":354,"column":0},"end":{"line":354,"column":22}},"354":{"start":{"line":355,"column":0},"end":{"line":355,"column":51}},"355":{"start":{"line":356,"column":0},"end":{"line":356,"column":59}},"356":{"start":{"line":357,"column":0},"end":{"line":357,"column":23}},"357":{"start":{"line":358,"column":0},"end":{"line":358,"column":21}},"358":{"start":{"line":359,"column":0},"end":{"line":359,"column":20}},"359":{"start":{"line":360,"column":0},"end":{"line":360,"column":18}},"360":{"start":{"line":361,"column":0},"end":{"line":361,"column":0}},"361":{"start":{"line":362,"column":0},"end":{"line":362,"column":16}},"362":{"start":{"line":363,"column":0},"end":{"line":363,"column":37}},"363":{"start":{"line":364,"column":0},"end":{"line":364,"column":35}},"364":{"start":{"line":365,"column":0},"end":{"line":365,"column":123}},"365":{"start":{"line":366,"column":0},"end":{"line":366,"column":13}},"366":{"start":{"line":367,"column":0},"end":{"line":367,"column":19}},"367":{"start":{"line":368,"column":0},"end":{"line":368,"column":78}},"368":{"start":{"line":369,"column":0},"end":{"line":369,"column":48}},"369":{"start":{"line":370,"column":0},"end":{"line":370,"column":21}},"370":{"start":{"line":371,"column":0},"end":{"line":371,"column":66}},"371":{"start":{"line":372,"column":0},"end":{"line":372,"column":39}},"372":{"start":{"line":373,"column":0},"end":{"line":373,"column":20}},"373":{"start":{"line":374,"column":0},"end":{"line":374,"column":20}},"374":{"start":{"line":375,"column":0},"end":{"line":375,"column":0}},"375":{"start":{"line":376,"column":0},"end":{"line":376,"column":21}},"376":{"start":{"line":377,"column":0},"end":{"line":377,"column":32}},"377":{"start":{"line":378,"column":0},"end":{"line":378,"column":63}},"378":{"start":{"line":379,"column":0},"end":{"line":379,"column":79}},"379":{"start":{"line":380,"column":0},"end":{"line":380,"column":18}},"380":{"start":{"line":381,"column":0},"end":{"line":381,"column":112}},"381":{"start":{"line":382,"column":0},"end":{"line":382,"column":15}},"382":{"start":{"line":383,"column":0},"end":{"line":383,"column":30}},"383":{"start":{"line":384,"column":0},"end":{"line":384,"column":23}},"384":{"start":{"line":385,"column":0},"end":{"line":385,"column":18}},"385":{"start":{"line":386,"column":0},"end":{"line":386,"column":0}},"386":{"start":{"line":387,"column":0},"end":{"line":387,"column":17}},"387":{"start":{"line":388,"column":0},"end":{"line":388,"column":92}},"388":{"start":{"line":389,"column":0},"end":{"line":389,"column":68}},"389":{"start":{"line":390,"column":0},"end":{"line":390,"column":41}},"390":{"start":{"line":391,"column":0},"end":{"line":391,"column":21}},"391":{"start":{"line":392,"column":0},"end":{"line":392,"column":21}},"392":{"start":{"line":393,"column":0},"end":{"line":393,"column":34}},"393":{"start":{"line":394,"column":0},"end":{"line":394,"column":26}},"394":{"start":{"line":395,"column":0},"end":{"line":395,"column":79}},"395":{"start":{"line":396,"column":0},"end":{"line":396,"column":17}},"396":{"start":{"line":397,"column":0},"end":{"line":397,"column":39}},"397":{"start":{"line":398,"column":0},"end":{"line":398,"column":23}},"398":{"start":{"line":399,"column":0},"end":{"line":399,"column":20}},"399":{"start":{"line":400,"column":0},"end":{"line":400,"column":41}},"400":{"start":{"line":401,"column":0},"end":{"line":401,"column":41}},"401":{"start":{"line":402,"column":0},"end":{"line":402,"column":60}},"402":{"start":{"line":403,"column":0},"end":{"line":403,"column":19}},"403":{"start":{"line":404,"column":0},"end":{"line":404,"column":20}},"404":{"start":{"line":405,"column":0},"end":{"line":405,"column":18}},"405":{"start":{"line":406,"column":0},"end":{"line":406,"column":16}},"406":{"start":{"line":407,"column":0},"end":{"line":407,"column":0}},"407":{"start":{"line":408,"column":0},"end":{"line":408,"column":18}},"408":{"start":{"line":409,"column":0},"end":{"line":409,"column":21}},"409":{"start":{"line":410,"column":0},"end":{"line":410,"column":33}},"410":{"start":{"line":411,"column":0},"end":{"line":411,"column":39}},"411":{"start":{"line":412,"column":0},"end":{"line":412,"column":51}},"412":{"start":{"line":413,"column":0},"end":{"line":413,"column":53}},"413":{"start":{"line":414,"column":0},"end":{"line":414,"column":27}},"414":{"start":{"line":415,"column":0},"end":{"line":415,"column":31}},"415":{"start":{"line":416,"column":0},"end":{"line":416,"column":12}},"416":{"start":{"line":417,"column":0},"end":{"line":417,"column":14}},"417":{"start":{"line":418,"column":0},"end":{"line":418,"column":12}},"418":{"start":{"line":419,"column":0},"end":{"line":419,"column":48}},"419":{"start":{"line":420,"column":0},"end":{"line":420,"column":19}},"420":{"start":{"line":421,"column":0},"end":{"line":421,"column":26}},"421":{"start":{"line":422,"column":0},"end":{"line":422,"column":52}},"422":{"start":{"line":423,"column":0},"end":{"line":423,"column":73}},"423":{"start":{"line":424,"column":0},"end":{"line":424,"column":12}},"424":{"start":{"line":425,"column":0},"end":{"line":425,"column":27}},"425":{"start":{"line":426,"column":0},"end":{"line":426,"column":52}},"426":{"start":{"line":427,"column":0},"end":{"line":427,"column":77}},"427":{"start":{"line":428,"column":0},"end":{"line":428,"column":28}},"428":{"start":{"line":429,"column":0},"end":{"line":429,"column":15}},"429":{"start":{"line":430,"column":0},"end":{"line":430,"column":43}},"430":{"start":{"line":431,"column":0},"end":{"line":431,"column":12}},"431":{"start":{"line":432,"column":0},"end":{"line":432,"column":10}},"432":{"start":{"line":433,"column":0},"end":{"line":433,"column":8}},"433":{"start":{"line":434,"column":0},"end":{"line":434,"column":10}},"434":{"start":{"line":435,"column":0},"end":{"line":435,"column":4}},"435":{"start":{"line":436,"column":0},"end":{"line":436,"column":1}},"436":{"start":{"line":437,"column":0},"end":{"line":437,"column":0}},"437":{"start":{"line":438,"column":0},"end":{"line":438,"column":19}},"438":{"start":{"line":439,"column":0},"end":{"line":439,"column":7}},"439":{"start":{"line":440,"column":0},"end":{"line":440,"column":8}},"440":{"start":{"line":441,"column":0},"end":{"line":441,"column":14}},"441":{"start":{"line":442,"column":0},"end":{"line":442,"column":4}},"442":{"start":{"line":443,"column":0},"end":{"line":443,"column":24}},"443":{"start":{"line":444,"column":0},"end":{"line":444,"column":16}},"444":{"start":{"line":445,"column":0},"end":{"line":445,"column":22}},"445":{"start":{"line":446,"column":0},"end":{"line":446,"column":4}},"446":{"start":{"line":447,"column":0},"end":{"line":447,"column":10}},"447":{"start":{"line":448,"column":0},"end":{"line":448,"column":45}},"448":{"start":{"line":449,"column":0},"end":{"line":449,"column":85}},"449":{"start":{"line":450,"column":0},"end":{"line":450,"column":14}},"450":{"start":{"line":451,"column":0},"end":{"line":451,"column":12}},"451":{"start":{"line":452,"column":0},"end":{"line":452,"column":11}},"452":{"start":{"line":453,"column":0},"end":{"line":453,"column":72}},"453":{"start":{"line":454,"column":0},"end":{"line":454,"column":66}},"454":{"start":{"line":455,"column":0},"end":{"line":455,"column":12}},"455":{"start":{"line":456,"column":0},"end":{"line":456,"column":10}},"456":{"start":{"line":457,"column":0},"end":{"line":457,"column":4}},"457":{"start":{"line":458,"column":0},"end":{"line":458,"column":1}},"458":{"start":{"line":459,"column":0},"end":{"line":459,"column":0}},"459":{"start":{"line":460,"column":0},"end":{"line":460,"column":65}},"460":{"start":{"line":461,"column":0},"end":{"line":461,"column":10}},"461":{"start":{"line":462,"column":0},"end":{"line":462,"column":93}},"462":{"start":{"line":463,"column":0},"end":{"line":463,"column":46}},"463":{"start":{"line":464,"column":0},"end":{"line":464,"column":12}},"464":{"start":{"line":465,"column":0},"end":{"line":465,"column":83}},"465":{"start":{"line":466,"column":0},"end":{"line":466,"column":9}},"466":{"start":{"line":467,"column":0},"end":{"line":467,"column":61}},"467":{"start":{"line":468,"column":0},"end":{"line":468,"column":18}},"468":{"start":{"line":469,"column":0},"end":{"line":469,"column":87}},"469":{"start":{"line":470,"column":0},"end":{"line":470,"column":51}},"470":{"start":{"line":471,"column":0},"end":{"line":471,"column":24}},"471":{"start":{"line":472,"column":0},"end":{"line":472,"column":25}},"472":{"start":{"line":473,"column":0},"end":{"line":473,"column":14}},"473":{"start":{"line":474,"column":0},"end":{"line":474,"column":17}},"474":{"start":{"line":475,"column":0},"end":{"line":475,"column":14}},"475":{"start":{"line":476,"column":0},"end":{"line":476,"column":40}},"476":{"start":{"line":477,"column":0},"end":{"line":477,"column":59}},"477":{"start":{"line":478,"column":0},"end":{"line":478,"column":17}},"478":{"start":{"line":479,"column":0},"end":{"line":479,"column":30}},"479":{"start":{"line":480,"column":0},"end":{"line":480,"column":74}},"480":{"start":{"line":481,"column":0},"end":{"line":481,"column":13}},"481":{"start":{"line":482,"column":0},"end":{"line":482,"column":30}},"482":{"start":{"line":483,"column":0},"end":{"line":483,"column":19}},"483":{"start":{"line":484,"column":0},"end":{"line":484,"column":15}},"484":{"start":{"line":485,"column":0},"end":{"line":485,"column":49}},"485":{"start":{"line":486,"column":0},"end":{"line":486,"column":80}},"486":{"start":{"line":487,"column":0},"end":{"line":487,"column":17}},"487":{"start":{"line":488,"column":0},"end":{"line":488,"column":30}},"488":{"start":{"line":489,"column":0},"end":{"line":489,"column":22}},"489":{"start":{"line":490,"column":0},"end":{"line":490,"column":60}},"490":{"start":{"line":491,"column":0},"end":{"line":491,"column":13}},"491":{"start":{"line":492,"column":0},"end":{"line":492,"column":46}},"492":{"start":{"line":493,"column":0},"end":{"line":493,"column":19}},"493":{"start":{"line":494,"column":0},"end":{"line":494,"column":16}},"494":{"start":{"line":495,"column":0},"end":{"line":495,"column":66}},"495":{"start":{"line":496,"column":0},"end":{"line":496,"column":67}},"496":{"start":{"line":497,"column":0},"end":{"line":497,"column":34}},"497":{"start":{"line":498,"column":0},"end":{"line":498,"column":20}},"498":{"start":{"line":499,"column":0},"end":{"line":499,"column":67}},"499":{"start":{"line":500,"column":0},"end":{"line":500,"column":61}},"500":{"start":{"line":501,"column":0},"end":{"line":501,"column":29}},"501":{"start":{"line":502,"column":0},"end":{"line":502,"column":20}},"502":{"start":{"line":503,"column":0},"end":{"line":503,"column":67}},"503":{"start":{"line":504,"column":0},"end":{"line":504,"column":79}},"504":{"start":{"line":505,"column":0},"end":{"line":505,"column":52}},"505":{"start":{"line":506,"column":0},"end":{"line":506,"column":20}},"506":{"start":{"line":507,"column":0},"end":{"line":507,"column":16}},"507":{"start":{"line":508,"column":0},"end":{"line":508,"column":14}},"508":{"start":{"line":509,"column":0},"end":{"line":509,"column":12}},"509":{"start":{"line":510,"column":0},"end":{"line":510,"column":10}},"510":{"start":{"line":511,"column":0},"end":{"line":511,"column":4}},"511":{"start":{"line":512,"column":0},"end":{"line":512,"column":1}},"512":{"start":{"line":513,"column":0},"end":{"line":513,"column":0}},"513":{"start":{"line":514,"column":0},"end":{"line":514,"column":18}},"514":{"start":{"line":515,"column":0},"end":{"line":515,"column":6}},"515":{"start":{"line":516,"column":0},"end":{"line":516,"column":12}},"516":{"start":{"line":517,"column":0},"end":{"line":517,"column":15}},"517":{"start":{"line":518,"column":0},"end":{"line":518,"column":21}},"518":{"start":{"line":519,"column":0},"end":{"line":519,"column":22}},"519":{"start":{"line":520,"column":0},"end":{"line":520,"column":9}},"520":{"start":{"line":521,"column":0},"end":{"line":521,"column":11}},"521":{"start":{"line":522,"column":0},"end":{"line":522,"column":18}},"522":{"start":{"line":523,"column":0},"end":{"line":523,"column":10}},"523":{"start":{"line":524,"column":0},"end":{"line":524,"column":41}},"524":{"start":{"line":525,"column":0},"end":{"line":525,"column":53}},"525":{"start":{"line":526,"column":0},"end":{"line":526,"column":65}},"526":{"start":{"line":527,"column":0},"end":{"line":527,"column":72}},"527":{"start":{"line":528,"column":0},"end":{"line":528,"column":42}},"528":{"start":{"line":529,"column":0},"end":{"line":529,"column":15}},"529":{"start":{"line":530,"column":0},"end":{"line":530,"column":0}},"530":{"start":{"line":531,"column":0},"end":{"line":531,"column":17}},"531":{"start":{"line":532,"column":0},"end":{"line":532,"column":28}},"532":{"start":{"line":533,"column":0},"end":{"line":533,"column":59}},"533":{"start":{"line":534,"column":0},"end":{"line":534,"column":75}},"534":{"start":{"line":535,"column":0},"end":{"line":535,"column":14}},"535":{"start":{"line":536,"column":0},"end":{"line":536,"column":108}},"536":{"start":{"line":537,"column":0},"end":{"line":537,"column":11}},"537":{"start":{"line":538,"column":0},"end":{"line":538,"column":26}},"538":{"start":{"line":539,"column":0},"end":{"line":539,"column":19}},"539":{"start":{"line":540,"column":0},"end":{"line":540,"column":14}},"540":{"start":{"line":541,"column":0},"end":{"line":541,"column":0}},"541":{"start":{"line":542,"column":0},"end":{"line":542,"column":51}},"542":{"start":{"line":543,"column":0},"end":{"line":543,"column":56}},"543":{"start":{"line":544,"column":0},"end":{"line":544,"column":94}},"544":{"start":{"line":545,"column":0},"end":{"line":545,"column":20}},"545":{"start":{"line":546,"column":0},"end":{"line":546,"column":84}},"546":{"start":{"line":547,"column":0},"end":{"line":547,"column":38}},"547":{"start":{"line":548,"column":0},"end":{"line":548,"column":26}},"548":{"start":{"line":549,"column":0},"end":{"line":549,"column":27}},"549":{"start":{"line":550,"column":0},"end":{"line":550,"column":16}},"550":{"start":{"line":551,"column":0},"end":{"line":551,"column":18}},"551":{"start":{"line":552,"column":0},"end":{"line":552,"column":17}},"552":{"start":{"line":553,"column":0},"end":{"line":553,"column":59}},"553":{"start":{"line":554,"column":0},"end":{"line":554,"column":34}},"554":{"start":{"line":555,"column":0},"end":{"line":555,"column":20}},"555":{"start":{"line":556,"column":0},"end":{"line":556,"column":18}},"556":{"start":{"line":557,"column":0},"end":{"line":557,"column":16}},"557":{"start":{"line":558,"column":0},"end":{"line":558,"column":0}},"558":{"start":{"line":559,"column":0},"end":{"line":559,"column":32}},"559":{"start":{"line":560,"column":0},"end":{"line":560,"column":59}},"560":{"start":{"line":561,"column":0},"end":{"line":561,"column":21}},"561":{"start":{"line":562,"column":0},"end":{"line":562,"column":56}},"562":{"start":{"line":563,"column":0},"end":{"line":563,"column":75}},"563":{"start":{"line":564,"column":0},"end":{"line":564,"column":42}},"564":{"start":{"line":565,"column":0},"end":{"line":565,"column":64}},"565":{"start":{"line":566,"column":0},"end":{"line":566,"column":37}},"566":{"start":{"line":567,"column":0},"end":{"line":567,"column":19}},"567":{"start":{"line":568,"column":0},"end":{"line":568,"column":15}},"568":{"start":{"line":569,"column":0},"end":{"line":569,"column":25}},"569":{"start":{"line":570,"column":0},"end":{"line":570,"column":23}},"570":{"start":{"line":571,"column":0},"end":{"line":571,"column":21}},"571":{"start":{"line":572,"column":0},"end":{"line":572,"column":52}},"572":{"start":{"line":573,"column":0},"end":{"line":573,"column":75}},"573":{"start":{"line":574,"column":0},"end":{"line":574,"column":38}},"574":{"start":{"line":575,"column":0},"end":{"line":575,"column":64}},"575":{"start":{"line":576,"column":0},"end":{"line":576,"column":37}},"576":{"start":{"line":577,"column":0},"end":{"line":577,"column":19}},"577":{"start":{"line":578,"column":0},"end":{"line":578,"column":15}},"578":{"start":{"line":579,"column":0},"end":{"line":579,"column":25}},"579":{"start":{"line":580,"column":0},"end":{"line":580,"column":81}},"580":{"start":{"line":581,"column":0},"end":{"line":581,"column":45}},"581":{"start":{"line":582,"column":0},"end":{"line":582,"column":23}},"582":{"start":{"line":583,"column":0},"end":{"line":583,"column":23}},"583":{"start":{"line":584,"column":0},"end":{"line":584,"column":18}},"584":{"start":{"line":585,"column":0},"end":{"line":585,"column":0}},"585":{"start":{"line":586,"column":0},"end":{"line":586,"column":34}},"586":{"start":{"line":587,"column":0},"end":{"line":587,"column":44}},"587":{"start":{"line":588,"column":0},"end":{"line":588,"column":67}},"588":{"start":{"line":589,"column":0},"end":{"line":589,"column":61}},"589":{"start":{"line":590,"column":0},"end":{"line":590,"column":37}},"590":{"start":{"line":591,"column":0},"end":{"line":591,"column":34}},"591":{"start":{"line":592,"column":0},"end":{"line":592,"column":22}},"592":{"start":{"line":593,"column":0},"end":{"line":593,"column":16}},"593":{"start":{"line":594,"column":0},"end":{"line":594,"column":0}},"594":{"start":{"line":595,"column":0},"end":{"line":595,"column":40}},"595":{"start":{"line":596,"column":0},"end":{"line":596,"column":43}},"596":{"start":{"line":597,"column":0},"end":{"line":597,"column":64}},"597":{"start":{"line":598,"column":0},"end":{"line":598,"column":25}},"598":{"start":{"line":599,"column":0},"end":{"line":599,"column":38}},"599":{"start":{"line":600,"column":0},"end":{"line":600,"column":34}},"600":{"start":{"line":601,"column":0},"end":{"line":601,"column":72}},"601":{"start":{"line":602,"column":0},"end":{"line":602,"column":94}},"602":{"start":{"line":603,"column":0},"end":{"line":603,"column":21}},"603":{"start":{"line":604,"column":0},"end":{"line":604,"column":94}},"604":{"start":{"line":605,"column":0},"end":{"line":605,"column":35}},"605":{"start":{"line":606,"column":0},"end":{"line":606,"column":27}},"606":{"start":{"line":607,"column":0},"end":{"line":607,"column":90}},"607":{"start":{"line":608,"column":0},"end":{"line":608,"column":79}},"608":{"start":{"line":609,"column":0},"end":{"line":609,"column":41}},"609":{"start":{"line":610,"column":0},"end":{"line":610,"column":32}},"610":{"start":{"line":611,"column":0},"end":{"line":611,"column":47}},"611":{"start":{"line":612,"column":0},"end":{"line":612,"column":28}},"612":{"start":{"line":613,"column":0},"end":{"line":613,"column":27}},"613":{"start":{"line":614,"column":0},"end":{"line":614,"column":79}},"614":{"start":{"line":615,"column":0},"end":{"line":615,"column":81}},"615":{"start":{"line":616,"column":0},"end":{"line":616,"column":59}},"616":{"start":{"line":617,"column":0},"end":{"line":617,"column":63}},"617":{"start":{"line":618,"column":0},"end":{"line":618,"column":32}},"618":{"start":{"line":619,"column":0},"end":{"line":619,"column":28}},"619":{"start":{"line":620,"column":0},"end":{"line":620,"column":27}},"620":{"start":{"line":621,"column":0},"end":{"line":621,"column":21}},"621":{"start":{"line":622,"column":0},"end":{"line":622,"column":22}},"622":{"start":{"line":623,"column":0},"end":{"line":623,"column":16}},"623":{"start":{"line":624,"column":0},"end":{"line":624,"column":18}},"624":{"start":{"line":625,"column":0},"end":{"line":625,"column":16}},"625":{"start":{"line":626,"column":0},"end":{"line":626,"column":14}},"626":{"start":{"line":627,"column":0},"end":{"line":627,"column":12}},"627":{"start":{"line":628,"column":0},"end":{"line":628,"column":10}},"628":{"start":{"line":629,"column":0},"end":{"line":629,"column":4}},"629":{"start":{"line":630,"column":0},"end":{"line":630,"column":1}}},"s":{"0":1,"1":1,"2":1,"3":1,"4":1,"5":1,"6":1,"7":1,"8":1,"9":1,"10":1,"11":1,"12":1,"13":1,"14":1,"15":1,"16":1,"17":1,"18":1,"19":1,"20":1,"21":1,"22":1,"23":1,"24":1,"25":1,"26":1,"27":1,"28":1,"29":1,"30":1,"31":1,"32":1,"33":1,"34":1,"35":1,"36":1,"37":1,"38":1,"39":1,"40":1,"41":1,"42":1,"43":1,"44":1,"45":1,"46":1,"47":1,"48":1,"49":1,"50":1,"51":1,"52":1,"53":1,"54":1,"55":1,"56":1,"57":1,"58":1,"59":1,"60":1,"61":1,"62":1,"63":1,"64":1,"65":1,"66":1,"67":1,"68":1,"69":1,"70":23,"71":23,"72":23,"73":23,"74":23,"75":23,"76":23,"77":23,"78":23,"79":23,"80":23,"81":23,"82":23,"83":23,"84":20,"85":20,"86":20,"87":20,"88":20,"89":0,"90":0,"91":0,"92":0,"93":0,"94":0,"95":0,"96":0,"97":0,"98":0,"99":0,"100":0,"101":0,"102":0,"103":0,"104":0,"105":0,"106":0,"107":0,"108":0,"109":0,"110":0,"111":0,"112":0,"113":0,"114":0,"115":0,"116":0,"117":0,"118":0,"119":20,"120":20,"121":20,"122":20,"123":20,"124":20,"125":20,"126":20,"127":23,"128":23,"129":23,"130":0,"131":0,"132":23,"133":23,"134":23,"135":1,"136":23,"137":23,"138":23,"139":23,"140":23,"141":23,"142":23,"143":23,"144":23,"145":23,"146":23,"147":23,"148":23,"149":23,"150":23,"151":23,"152":23,"153":23,"154":1,"155":1,"156":1,"157":23,"158":23,"159":23,"160":23,"161":23,"162":23,"163":23,"164":23,"165":23,"166":23,"167":23,"168":23,"169":23,"170":23,"171":23,"172":23,"173":23,"174":23,"175":23,"176":23,"177":23,"178":23,"179":23,"180":23,"181":23,"182":23,"183":23,"184":23,"185":23,"186":23,"187":23,"188":23,"189":23,"190":23,"191":23,"192":0,"193":23,"194":23,"195":23,"196":23,"197":23,"198":23,"199":23,"200":23,"201":23,"202":23,"203":23,"204":23,"205":23,"206":23,"207":23,"208":23,"209":23,"210":23,"211":23,"212":23,"213":23,"214":23,"215":23,"216":23,"217":23,"218":23,"219":23,"220":23,"221":23,"222":23,"223":23,"224":23,"225":23,"226":23,"227":23,"228":23,"229":23,"230":23,"231":23,"232":23,"233":23,"234":23,"235":23,"236":23,"237":23,"238":23,"239":23,"240":23,"241":23,"242":23,"243":23,"244":23,"245":23,"246":23,"247":23,"248":23,"249":23,"250":23,"251":23,"252":23,"253":23,"254":23,"255":23,"256":23,"257":23,"258":23,"259":23,"260":23,"261":23,"262":23,"263":23,"264":23,"265":23,"266":23,"267":23,"268":23,"269":23,"270":23,"271":23,"272":23,"273":23,"274":23,"275":23,"276":23,"277":23,"278":23,"279":23,"280":23,"281":23,"282":23,"283":23,"284":23,"285":23,"286":23,"287":23,"288":23,"289":23,"290":23,"291":23,"292":23,"293":23,"294":46,"295":23,"296":23,"297":23,"298":23,"299":23,"300":23,"301":23,"302":23,"303":23,"304":23,"305":23,"306":23,"307":23,"308":23,"309":23,"310":23,"311":23,"312":23,"313":46,"314":23,"315":23,"316":23,"317":23,"318":23,"319":23,"320":23,"321":23,"322":23,"323":23,"324":23,"325":23,"326":23,"327":23,"328":23,"329":23,"330":23,"331":23,"332":23,"333":23,"334":23,"335":23,"336":23,"337":23,"338":23,"339":23,"340":23,"341":23,"342":23,"343":23,"344":23,"345":23,"346":23,"347":23,"348":23,"349":23,"350":23,"351":23,"352":23,"353":23,"354":23,"355":23,"356":23,"357":23,"358":23,"359":23,"360":23,"361":23,"362":23,"363":23,"364":23,"365":23,"366":23,"367":23,"368":23,"369":23,"370":23,"371":23,"372":23,"373":23,"374":23,"375":23,"376":23,"377":0,"378":0,"379":0,"380":23,"381":23,"382":23,"383":23,"384":23,"385":23,"386":23,"387":23,"388":23,"389":23,"390":23,"391":23,"392":23,"393":23,"394":23,"395":23,"396":23,"397":23,"398":23,"399":23,"400":23,"401":23,"402":23,"403":23,"404":23,"405":23,"406":23,"407":23,"408":23,"409":23,"410":23,"411":23,"412":23,"413":23,"414":23,"415":23,"416":23,"417":23,"418":23,"419":23,"420":23,"421":1,"422":1,"423":1,"424":23,"425":1,"426":1,"427":1,"428":1,"429":1,"430":1,"431":23,"432":23,"433":23,"434":23,"435":23,"436":1,"437":184,"438":184,"439":184,"440":184,"441":184,"442":184,"443":184,"444":184,"445":184,"446":184,"447":184,"448":184,"449":184,"450":184,"451":184,"452":184,"453":184,"454":184,"455":184,"456":184,"457":184,"458":1,"459":1,"460":1,"461":1,"462":1,"463":1,"464":1,"465":1,"466":1,"467":1,"468":1,"469":1,"470":1,"471":1,"472":1,"473":1,"474":1,"475":1,"476":1,"477":1,"478":1,"479":1,"480":1,"481":1,"482":1,"483":1,"484":1,"485":1,"486":1,"487":1,"488":1,"489":1,"490":1,"491":1,"492":1,"493":1,"494":1,"495":1,"496":1,"497":1,"498":1,"499":1,"500":1,"501":1,"502":1,"503":1,"504":1,"505":1,"506":1,"507":1,"508":1,"509":1,"510":1,"511":1,"512":1,"513":23,"514":23,"515":23,"516":23,"517":23,"518":23,"519":23,"520":23,"521":23,"522":23,"523":23,"524":23,"525":23,"526":23,"527":23,"528":23,"529":23,"530":23,"531":23,"532":0,"533":0,"534":0,"535":23,"536":23,"537":23,"538":23,"539":23,"540":23,"541":23,"542":23,"543":23,"544":23,"545":23,"546":23,"547":23,"548":23,"549":23,"550":23,"551":23,"552":23,"553":23,"554":23,"555":23,"556":23,"557":23,"558":23,"559":23,"560":23,"561":23,"562":23,"563":23,"564":21,"565":2,"566":23,"567":23,"568":23,"569":23,"570":23,"571":23,"572":23,"573":23,"574":2,"575":21,"576":23,"577":23,"578":23,"579":23,"580":23,"581":23,"582":23,"583":23,"584":23,"585":23,"586":23,"587":23,"588":23,"589":23,"590":23,"591":23,"592":23,"593":23,"594":23,"595":23,"596":23,"597":2,"598":2,"599":2,"600":23,"601":23,"602":23,"603":23,"604":23,"605":23,"606":23,"607":23,"608":23,"609":23,"610":23,"611":23,"612":23,"613":23,"614":23,"615":23,"616":23,"617":23,"618":23,"619":23,"620":23,"621":23,"622":23,"623":23,"624":23,"625":23,"626":23,"627":23,"628":23,"629":23},"branchMap":{"0":{"type":"branch","line":70,"loc":{"start":{"line":70,"column":15},"end":{"line":436,"column":1}},"locations":[{"start":{"line":70,"column":15},"end":{"line":436,"column":1}}]},"1":{"type":"branch","line":130,"loc":{"start":{"line":130,"column":12},"end":{"line":132,"column":3}},"locations":[{"start":{"line":130,"column":12},"end":{"line":132,"column":3}}]},"2":{"type":"branch","line":136,"loc":{"start":{"line":136,"column":-1},"end":{"line":136,"column":30}},"locations":[{"start":{"line":136,"column":-1},"end":{"line":136,"column":30}}]},"3":{"type":"branch","line":137,"loc":{"start":{"line":137,"column":-1},"end":{"line":137,"column":49}},"locations":[{"start":{"line":137,"column":-1},"end":{"line":137,"column":49}}]},"4":{"type":"branch","line":193,"loc":{"start":{"line":193,"column":-1},"end":{"line":193,"column":37}},"locations":[{"start":{"line":193,"column":-1},"end":{"line":193,"column":37}}]},"5":{"type":"branch","line":337,"loc":{"start":{"line":337,"column":54},"end":{"line":337,"column":67}},"locations":[{"start":{"line":337,"column":54},"end":{"line":337,"column":67}}]},"6":{"type":"branch","line":344,"loc":{"start":{"line":344,"column":54},"end":{"line":344,"column":64}},"locations":[{"start":{"line":344,"column":54},"end":{"line":344,"column":64}}]},"7":{"type":"branch","line":348,"loc":{"start":{"line":348,"column":48},"end":{"line":348,"column":61}},"locations":[{"start":{"line":348,"column":48},"end":{"line":348,"column":61}}]},"8":{"type":"branch","line":352,"loc":{"start":{"line":352,"column":52},"end":{"line":352,"column":65}},"locations":[{"start":{"line":352,"column":52},"end":{"line":352,"column":65}}]},"9":{"type":"branch","line":356,"loc":{"start":{"line":356,"column":43},"end":{"line":356,"column":53}},"locations":[{"start":{"line":356,"column":43},"end":{"line":356,"column":53}}]},"10":{"type":"branch","line":84,"loc":{"start":{"line":84,"column":12},"end":{"line":128,"column":5}},"locations":[{"start":{"line":84,"column":12},"end":{"line":128,"column":5}}]},"11":{"type":"branch","line":87,"loc":{"start":{"line":87,"column":25},"end":{"line":122,"column":6}},"locations":[{"start":{"line":87,"column":25},"end":{"line":122,"column":6}}]},"12":{"type":"branch","line":127,"loc":{"start":{"line":127,"column":11},"end":{"line":127,"column":68}},"locations":[{"start":{"line":127,"column":11},"end":{"line":127,"column":68}}]},"13":{"type":"branch","line":154,"loc":{"start":{"line":154,"column":21},"end":{"line":157,"column":14}},"locations":[{"start":{"line":154,"column":21},"end":{"line":157,"column":14}}]},"14":{"type":"branch","line":228,"loc":{"start":{"line":228,"column":30},"end":{"line":229,"column":35}},"locations":[{"start":{"line":228,"column":30},"end":{"line":229,"column":35}}]},"15":{"type":"branch","line":294,"loc":{"start":{"line":294,"column":44},"end":{"line":295,"column":32}},"locations":[{"start":{"line":294,"column":44},"end":{"line":295,"column":32}}]},"16":{"type":"branch","line":313,"loc":{"start":{"line":313,"column":40},"end":{"line":314,"column":32}},"locations":[{"start":{"line":313,"column":40},"end":{"line":314,"column":32}}]},"17":{"type":"branch","line":401,"loc":{"start":{"line":401,"column":33},"end":{"line":402,"column":45}},"locations":[{"start":{"line":401,"column":33},"end":{"line":402,"column":45}}]},"18":{"type":"branch","line":421,"loc":{"start":{"line":421,"column":19},"end":{"line":424,"column":12}},"locations":[{"start":{"line":421,"column":19},"end":{"line":424,"column":12}}]},"19":{"type":"branch","line":425,"loc":{"start":{"line":425,"column":20},"end":{"line":431,"column":12}},"locations":[{"start":{"line":425,"column":20},"end":{"line":431,"column":12}}]},"20":{"type":"branch","line":438,"loc":{"start":{"line":438,"column":0},"end":{"line":458,"column":1}},"locations":[{"start":{"line":438,"column":0},"end":{"line":458,"column":1}}]},"21":{"type":"branch","line":460,"loc":{"start":{"line":460,"column":0},"end":{"line":512,"column":1}},"locations":[{"start":{"line":460,"column":0},"end":{"line":512,"column":1}}]},"22":{"type":"branch","line":514,"loc":{"start":{"line":514,"column":0},"end":{"line":630,"column":1}},"locations":[{"start":{"line":514,"column":0},"end":{"line":630,"column":1}}]},"23":{"type":"branch","line":564,"loc":{"start":{"line":564,"column":32},"end":{"line":565,"column":64}},"locations":[{"start":{"line":564,"column":32},"end":{"line":565,"column":64}}]},"24":{"type":"branch","line":565,"loc":{"start":{"line":565,"column":22},"end":{"line":566,"column":37}},"locations":[{"start":{"line":565,"column":22},"end":{"line":566,"column":37}}]},"25":{"type":"branch","line":574,"loc":{"start":{"line":574,"column":32},"end":{"line":575,"column":64}},"locations":[{"start":{"line":574,"column":32},"end":{"line":575,"column":64}}]},"26":{"type":"branch","line":575,"loc":{"start":{"line":575,"column":22},"end":{"line":576,"column":37}},"locations":[{"start":{"line":575,"column":22},"end":{"line":576,"column":37}}]},"27":{"type":"branch","line":562,"loc":{"start":{"line":562,"column":25},"end":{"line":562,"column":56}},"locations":[{"start":{"line":562,"column":25},"end":{"line":562,"column":56}}]},"28":{"type":"branch","line":572,"loc":{"start":{"line":572,"column":25},"end":{"line":572,"column":52}},"locations":[{"start":{"line":572,"column":25},"end":{"line":572,"column":52}}]},"29":{"type":"branch","line":597,"loc":{"start":{"line":597,"column":42},"end":{"line":600,"column":34}},"locations":[{"start":{"line":597,"column":42},"end":{"line":600,"column":34}}]}},"b":{"0":[23],"1":[0],"2":[1],"3":[22],"4":[0],"5":[0],"6":[0],"7":[0],"8":[0],"9":[0],"10":[20],"11":[20],"12":[20],"13":[1],"14":[69],"15":[46],"16":[46],"17":[1],"18":[1],"19":[1],"20":[184],"21":[1],"22":[23],"23":[21],"24":[2],"25":[2],"26":[21],"27":[1],"28":[2],"29":[2]},"fnMap":{"0":{"name":"JobDetails","decl":{"start":{"line":70,"column":15},"end":{"line":436,"column":1}},"loc":{"start":{"line":70,"column":15},"end":{"line":436,"column":1}},"line":70},"1":{"name":"handleScroll","decl":{"start":{"line":87,"column":25},"end":{"line":122,"column":6}},"loc":{"start":{"line":87,"column":25},"end":{"line":122,"column":6}},"line":87},"2":{"name":"onClick","decl":{"start":{"line":154,"column":21},"end":{"line":157,"column":14}},"loc":{"start":{"line":154,"column":21},"end":{"line":157,"column":14}},"line":154},"3":{"name":"onClick","decl":{"start":{"line":377,"column":25},"end":{"line":380,"column":18}},"loc":{"start":{"line":377,"column":25},"end":{"line":380,"column":18}},"line":377},"4":{"name":"onClose","decl":{"start":{"line":421,"column":19},"end":{"line":424,"column":12}},"loc":{"start":{"line":421,"column":19},"end":{"line":424,"column":12}},"line":421},"5":{"name":"onAccept","decl":{"start":{"line":425,"column":20},"end":{"line":431,"column":12}},"loc":{"start":{"line":425,"column":20},"end":{"line":431,"column":12}},"line":425},"6":{"name":"InfoItem","decl":{"start":{"line":438,"column":0},"end":{"line":458,"column":1}},"loc":{"start":{"line":438,"column":0},"end":{"line":458,"column":1}},"line":438},"7":{"name":"RelatedJobCard","decl":{"start":{"line":460,"column":0},"end":{"line":512,"column":1}},"loc":{"start":{"line":460,"column":0},"end":{"line":512,"column":1}},"line":460},"8":{"name":"Sidebar","decl":{"start":{"line":514,"column":0},"end":{"line":630,"column":1}},"loc":{"start":{"line":514,"column":0},"end":{"line":630,"column":1}},"line":514},"9":{"name":"onClick","decl":{"start":{"line":532,"column":21},"end":{"line":535,"column":14}},"loc":{"start":{"line":532,"column":21},"end":{"line":535,"column":14}},"line":532},"10":{"name":"onClick","decl":{"start":{"line":562,"column":25},"end":{"line":562,"column":56}},"loc":{"start":{"line":562,"column":25},"end":{"line":562,"column":56}},"line":562},"11":{"name":"onClick","decl":{"start":{"line":572,"column":25},"end":{"line":572,"column":52}},"loc":{"start":{"line":572,"column":25},"end":{"line":572,"column":52}},"line":572}},"f":{"0":23,"1":20,"2":1,"3":0,"4":1,"5":1,"6":184,"7":1,"8":23,"9":0,"10":1,"11":2}}
,"/Users/Angel/Documents/Projecten/jobs-ui/components/ui/badge.tsx": {"path":"/Users/Angel/Documents/Projecten/jobs-ui/components/ui/badge.tsx","all":false,"statementMap":{"0":{"start":{"line":1,"column":0},"end":{"line":1,"column":31}},"1":{"start":{"line":2,"column":0},"end":{"line":2,"column":66}},"2":{"start":{"line":3,"column":0},"end":{"line":3,"column":0}},"3":{"start":{"line":4,"column":0},"end":{"line":4,"column":33}},"4":{"start":{"line":5,"column":0},"end":{"line":5,"column":0}},"5":{"start":{"line":6,"column":0},"end":{"line":6,"column":26}},"6":{"start":{"line":7,"column":0},"end":{"line":7,"column":171}},"7":{"start":{"line":8,"column":0},"end":{"line":8,"column":3}},"8":{"start":{"line":9,"column":0},"end":{"line":9,"column":15}},"9":{"start":{"line":10,"column":0},"end":{"line":10,"column":16}},"10":{"start":{"line":11,"column":0},"end":{"line":11,"column":73}},"11":{"start":{"line":12,"column":0},"end":{"line":12,"column":79}},"12":{"start":{"line":13,"column":0},"end":{"line":13,"column":20}},"13":{"start":{"line":14,"column":0},"end":{"line":14,"column":75}},"14":{"start":{"line":15,"column":0},"end":{"line":15,"column":35}},"15":{"start":{"line":16,"column":0},"end":{"line":16,"column":8}},"16":{"start":{"line":17,"column":0},"end":{"line":17,"column":6}},"17":{"start":{"line":18,"column":0},"end":{"line":18,"column":22}},"18":{"start":{"line":19,"column":0},"end":{"line":19,"column":25}},"19":{"start":{"line":20,"column":0},"end":{"line":20,"column":6}},"20":{"start":{"line":21,"column":0},"end":{"line":21,"column":4}},"21":{"start":{"line":22,"column":0},"end":{"line":22,"column":2}},"22":{"start":{"line":23,"column":0},"end":{"line":23,"column":0}},"23":{"start":{"line":24,"column":0},"end":{"line":24,"column":27}},"24":{"start":{"line":25,"column":0},"end":{"line":25,"column":9}},"25":{"start":{"line":26,"column":0},"end":{"line":26,"column":41}},"26":{"start":{"line":27,"column":0},"end":{"line":27,"column":41}},"27":{"start":{"line":28,"column":0},"end":{"line":28,"column":0}},"28":{"start":{"line":29,"column":0},"end":{"line":29,"column":62}},"29":{"start":{"line":30,"column":0},"end":{"line":30,"column":10}},"30":{"start":{"line":31,"column":0},"end":{"line":31,"column":76}},"31":{"start":{"line":32,"column":0},"end":{"line":32,"column":4}},"32":{"start":{"line":33,"column":0},"end":{"line":33,"column":1}},"33":{"start":{"line":34,"column":0},"end":{"line":34,"column":0}},"34":{"start":{"line":35,"column":0},"end":{"line":35,"column":32}}},"s":{"0":1,"1":1,"2":1,"3":1,"4":1,"5":1,"6":1,"7":1,"8":1,"9":1,"10":1,"11":1,"12":1,"13":1,"14":1,"15":1,"16":1,"17":1,"18":1,"19":1,"20":1,"21":1,"22":1,"23":1,"24":1,"25":1,"26":1,"27":1,"28":76,"29":76,"30":76,"31":76,"32":76,"33":1,"34":1},"branchMap":{"0":{"type":"branch","line":29,"loc":{"start":{"line":29,"column":0},"end":{"line":33,"column":1}},"locations":[{"start":{"line":29,"column":0},"end":{"line":33,"column":1}}]}},"b":{"0":[76]},"fnMap":{"0":{"name":"Badge","decl":{"start":{"line":29,"column":0},"end":{"line":33,"column":1}},"loc":{"start":{"line":29,"column":0},"end":{"line":33,"column":1}},"line":29}},"f":{"0":76}}
,"/Users/Angel/Documents/Projecten/jobs-ui/components/ui/button.tsx": {"path":"/Users/Angel/Documents/Projecten/jobs-ui/components/ui/button.tsx","all":false,"statementMap":{"0":{"start":{"line":1,"column":0},"end":{"line":1,"column":31}},"1":{"start":{"line":2,"column":0},"end":{"line":2,"column":44}},"2":{"start":{"line":3,"column":0},"end":{"line":3,"column":66}},"3":{"start":{"line":4,"column":0},"end":{"line":4,"column":0}},"4":{"start":{"line":5,"column":0},"end":{"line":5,"column":33}},"5":{"start":{"line":6,"column":0},"end":{"line":6,"column":0}},"6":{"start":{"line":7,"column":0},"end":{"line":7,"column":27}},"7":{"start":{"line":8,"column":0},"end":{"line":8,"column":364}},"8":{"start":{"line":9,"column":0},"end":{"line":9,"column":3}},"9":{"start":{"line":10,"column":0},"end":{"line":10,"column":15}},"10":{"start":{"line":11,"column":0},"end":{"line":11,"column":16}},"11":{"start":{"line":12,"column":0},"end":{"line":12,"column":74}},"12":{"start":{"line":13,"column":0},"end":{"line":13,"column":20}},"13":{"start":{"line":14,"column":0},"end":{"line":14,"column":79}},"14":{"start":{"line":15,"column":0},"end":{"line":15,"column":16}},"15":{"start":{"line":16,"column":0},"end":{"line":16,"column":91}},"16":{"start":{"line":17,"column":0},"end":{"line":17,"column":18}},"17":{"start":{"line":18,"column":0},"end":{"line":18,"column":73}},"18":{"start":{"line":19,"column":0},"end":{"line":19,"column":62}},"19":{"start":{"line":20,"column":0},"end":{"line":20,"column":64}},"20":{"start":{"line":21,"column":0},"end":{"line":21,"column":8}},"21":{"start":{"line":22,"column":0},"end":{"line":22,"column":13}},"22":{"start":{"line":23,"column":0},"end":{"line":23,"column":34}},"23":{"start":{"line":24,"column":0},"end":{"line":24,"column":34}},"24":{"start":{"line":25,"column":0},"end":{"line":25,"column":35}},"25":{"start":{"line":26,"column":0},"end":{"line":26,"column":26}},"26":{"start":{"line":27,"column":0},"end":{"line":27,"column":8}},"27":{"start":{"line":28,"column":0},"end":{"line":28,"column":6}},"28":{"start":{"line":29,"column":0},"end":{"line":29,"column":22}},"29":{"start":{"line":30,"column":0},"end":{"line":30,"column":25}},"30":{"start":{"line":31,"column":0},"end":{"line":31,"column":22}},"31":{"start":{"line":32,"column":0},"end":{"line":32,"column":6}},"32":{"start":{"line":33,"column":0},"end":{"line":33,"column":4}},"33":{"start":{"line":34,"column":0},"end":{"line":34,"column":2}},"34":{"start":{"line":35,"column":0},"end":{"line":35,"column":0}},"35":{"start":{"line":36,"column":0},"end":{"line":36,"column":28}},"36":{"start":{"line":37,"column":0},"end":{"line":37,"column":9}},"37":{"start":{"line":38,"column":0},"end":{"line":38,"column":50}},"38":{"start":{"line":39,"column":0},"end":{"line":39,"column":41}},"39":{"start":{"line":40,"column":0},"end":{"line":40,"column":20}},"40":{"start":{"line":41,"column":0},"end":{"line":41,"column":1}},"41":{"start":{"line":42,"column":0},"end":{"line":42,"column":0}},"42":{"start":{"line":43,"column":0},"end":{"line":43,"column":64}},"43":{"start":{"line":44,"column":0},"end":{"line":44,"column":69}},"44":{"start":{"line":45,"column":0},"end":{"line":45,"column":43}},"45":{"start":{"line":46,"column":0},"end":{"line":46,"column":12}},"46":{"start":{"line":47,"column":0},"end":{"line":47,"column":11}},"47":{"start":{"line":48,"column":0},"end":{"line":48,"column":68}},"48":{"start":{"line":49,"column":0},"end":{"line":49,"column":17}},"49":{"start":{"line":50,"column":0},"end":{"line":50,"column":18}},"50":{"start":{"line":51,"column":0},"end":{"line":51,"column":8}},"51":{"start":{"line":52,"column":0},"end":{"line":52,"column":6}},"52":{"start":{"line":53,"column":0},"end":{"line":53,"column":4}},"53":{"start":{"line":54,"column":0},"end":{"line":54,"column":2}},"54":{"start":{"line":55,"column":0},"end":{"line":55,"column":30}},"55":{"start":{"line":56,"column":0},"end":{"line":56,"column":0}},"56":{"start":{"line":57,"column":0},"end":{"line":57,"column":34}}},"s":{"0":1,"1":1,"2":1,"3":1,"4":1,"5":1,"6":1,"7":1,"8":1,"9":1,"10":1,"11":1,"12":1,"13":1,"14":1,"15":1,"16":1,"17":1,"18":1,"19":1,"20":1,"21":1,"22":1,"23":1,"24":1,"25":1,"26":1,"27":1,"28":1,"29":1,"30":1,"31":1,"32":1,"33":1,"34":1,"35":1,"36":1,"37":1,"38":1,"39":1,"40":1,"41":1,"42":1,"43":1,"44":69,"45":69,"46":69,"47":69,"48":69,"49":69,"50":69,"51":69,"52":69,"53":1,"54":1,"55":1,"56":1},"branchMap":{"0":{"type":"branch","line":44,"loc":{"start":{"line":44,"column":2},"end":{"line":53,"column":4}},"locations":[{"start":{"line":44,"column":2},"end":{"line":53,"column":4}}]},"1":{"type":"branch","line":45,"loc":{"start":{"line":45,"column":17},"end":{"line":45,"column":31}},"locations":[{"start":{"line":45,"column":17},"end":{"line":45,"column":31}}]}},"b":{"0":[69],"1":[0]},"fnMap":{},"f":{}}
,"/Users/Angel/Documents/Projecten/jobs-ui/lib/utils.ts": {"path":"/Users/Angel/Documents/Projecten/jobs-ui/lib/utils.ts","all":false,"statementMap":{"0":{"start":{"line":1,"column":0},"end":{"line":1,"column":58}},"1":{"start":{"line":2,"column":0},"end":{"line":2,"column":45}},"2":{"start":{"line":3,"column":0},"end":{"line":3,"column":41}},"3":{"start":{"line":4,"column":0},"end":{"line":4,"column":0}},"4":{"start":{"line":5,"column":0},"end":{"line":5,"column":45}},"5":{"start":{"line":6,"column":0},"end":{"line":6,"column":31}},"6":{"start":{"line":7,"column":0},"end":{"line":7,"column":1}},"7":{"start":{"line":8,"column":0},"end":{"line":8,"column":0}},"8":{"start":{"line":9,"column":0},"end":{"line":9,"column":41}},"9":{"start":{"line":10,"column":0},"end":{"line":10,"column":77}},"10":{"start":{"line":11,"column":0},"end":{"line":11,"column":1}},"11":{"start":{"line":12,"column":0},"end":{"line":12,"column":0}},"12":{"start":{"line":13,"column":0},"end":{"line":13,"column":56}},"13":{"start":{"line":14,"column":0},"end":{"line":14,"column":36}},"14":{"start":{"line":15,"column":0},"end":{"line":15,"column":54}},"15":{"start":{"line":16,"column":0},"end":{"line":16,"column":19}},"16":{"start":{"line":17,"column":0},"end":{"line":17,"column":18}},"17":{"start":{"line":18,"column":0},"end":{"line":18,"column":20}},"18":{"start":{"line":19,"column":0},"end":{"line":19,"column":5}},"19":{"start":{"line":20,"column":0},"end":{"line":20,"column":0}},"20":{"start":{"line":21,"column":0},"end":{"line":21,"column":19}},"21":{"start":{"line":22,"column":0},"end":{"line":22,"column":1}},"22":{"start":{"line":23,"column":0},"end":{"line":23,"column":0}},"23":{"start":{"line":24,"column":0},"end":{"line":24,"column":42}},"24":{"start":{"line":25,"column":0},"end":{"line":25,"column":52}},"25":{"start":{"line":26,"column":0},"end":{"line":26,"column":1}},"26":{"start":{"line":27,"column":0},"end":{"line":27,"column":0}},"27":{"start":{"line":28,"column":0},"end":{"line":28,"column":59}},"28":{"start":{"line":29,"column":0},"end":{"line":29,"column":44}},"29":{"start":{"line":30,"column":0},"end":{"line":30,"column":42}},"30":{"start":{"line":31,"column":0},"end":{"line":31,"column":1}},"31":{"start":{"line":32,"column":0},"end":{"line":32,"column":0}},"32":{"start":{"line":33,"column":0},"end":{"line":33,"column":0}},"33":{"start":{"line":34,"column":0},"end":{"line":34,"column":52}},"34":{"start":{"line":35,"column":0},"end":{"line":35,"column":44}},"35":{"start":{"line":36,"column":0},"end":{"line":36,"column":22}},"36":{"start":{"line":37,"column":0},"end":{"line":37,"column":25}},"37":{"start":{"line":38,"column":0},"end":{"line":38,"column":21}},"38":{"start":{"line":39,"column":0},"end":{"line":39,"column":23}},"39":{"start":{"line":40,"column":0},"end":{"line":40,"column":30}},"40":{"start":{"line":41,"column":0},"end":{"line":41,"column":23}},"41":{"start":{"line":42,"column":0},"end":{"line":42,"column":4}},"42":{"start":{"line":43,"column":0},"end":{"line":43,"column":26}},"43":{"start":{"line":44,"column":0},"end":{"line":44,"column":1}},"44":{"start":{"line":45,"column":0},"end":{"line":45,"column":0}},"45":{"start":{"line":46,"column":0},"end":{"line":46,"column":59}},"46":{"start":{"line":47,"column":0},"end":{"line":47,"column":51}},"47":{"start":{"line":48,"column":0},"end":{"line":48,"column":27}},"48":{"start":{"line":49,"column":0},"end":{"line":49,"column":31}},"49":{"start":{"line":50,"column":0},"end":{"line":50,"column":36}},"50":{"start":{"line":51,"column":0},"end":{"line":51,"column":30}},"51":{"start":{"line":52,"column":0},"end":{"line":52,"column":4}},"52":{"start":{"line":53,"column":0},"end":{"line":53,"column":26}},"53":{"start":{"line":54,"column":0},"end":{"line":54,"column":1}},"54":{"start":{"line":55,"column":0},"end":{"line":55,"column":0}},"55":{"start":{"line":56,"column":0},"end":{"line":56,"column":62}},"56":{"start":{"line":57,"column":0},"end":{"line":57,"column":52}},"57":{"start":{"line":58,"column":0},"end":{"line":58,"column":17}},"58":{"start":{"line":59,"column":0},"end":{"line":59,"column":30}},"59":{"start":{"line":60,"column":0},"end":{"line":60,"column":38}},"60":{"start":{"line":61,"column":0},"end":{"line":61,"column":44}},"61":{"start":{"line":62,"column":0},"end":{"line":62,"column":50}},"62":{"start":{"line":63,"column":0},"end":{"line":63,"column":49}},"63":{"start":{"line":64,"column":0},"end":{"line":64,"column":45}},"64":{"start":{"line":65,"column":0},"end":{"line":65,"column":27}},"65":{"start":{"line":66,"column":0},"end":{"line":66,"column":27}},"66":{"start":{"line":67,"column":0},"end":{"line":67,"column":4}},"67":{"start":{"line":68,"column":0},"end":{"line":68,"column":27}},"68":{"start":{"line":69,"column":0},"end":{"line":69,"column":1}},"69":{"start":{"line":70,"column":0},"end":{"line":70,"column":0}},"70":{"start":{"line":71,"column":0},"end":{"line":71,"column":54}},"71":{"start":{"line":72,"column":0},"end":{"line":72,"column":59}},"72":{"start":{"line":73,"column":0},"end":{"line":73,"column":1}},"73":{"start":{"line":74,"column":0},"end":{"line":74,"column":0}},"74":{"start":{"line":75,"column":0},"end":{"line":75,"column":39}},"75":{"start":{"line":76,"column":0},"end":{"line":76,"column":13}},"76":{"start":{"line":77,"column":0},"end":{"line":77,"column":18}},"77":{"start":{"line":78,"column":0},"end":{"line":78,"column":21}},"78":{"start":{"line":79,"column":0},"end":{"line":79,"column":36}},"79":{"start":{"line":80,"column":0},"end":{"line":80,"column":32}},"80":{"start":{"line":81,"column":0},"end":{"line":81,"column":29}},"81":{"start":{"line":82,"column":0},"end":{"line":82,"column":1}}},"s":{"0":1,"1":1,"2":1,"3":1,"4":1,"5":145,"6":145,"7":1,"8":1,"9":99,"10":99,"11":1,"12":1,"13":26,"14":26,"15":26,"16":26,"17":26,"18":26,"19":26,"20":26,"21":26,"22":1,"23":1,"24":3,"25":3,"26":1,"27":1,"28":4,"29":1,"30":1,"31":1,"32":1,"33":1,"34":31,"35":31,"36":31,"37":31,"38":31,"39":31,"40":31,"41":31,"42":31,"43":31,"44":1,"45":1,"46":27,"47":27,"48":27,"49":27,"50":27,"51":27,"52":27,"53":27,"54":1,"55":1,"56":32,"57":32,"58":32,"59":32,"60":32,"61":32,"62":32,"63":32,"64":32,"65":32,"66":32,"67":32,"68":32,"69":1,"70":1,"71":4,"72":4,"73":1,"74":1,"75":9,"76":9,"77":9,"78":9,"79":9,"80":9,"81":9},"branchMap":{"0":{"type":"branch","line":5,"loc":{"start":{"line":5,"column":7},"end":{"line":7,"column":1}},"locations":[{"start":{"line":5,"column":7},"end":{"line":7,"column":1}}]},"1":{"type":"branch","line":9,"loc":{"start":{"line":9,"column":7},"end":{"line":11,"column":1}},"locations":[{"start":{"line":9,"column":7},"end":{"line":11,"column":1}}]},"2":{"type":"branch","line":10,"loc":{"start":{"line":10,"column":9},"end":{"line":10,"column":74}},"locations":[{"start":{"line":10,"column":9},"end":{"line":10,"column":74}}]},"3":{"type":"branch","line":10,"loc":{"start":{"line":10,"column":69},"end":{"line":10,"column":77}},"locations":[{"start":{"line":10,"column":69},"end":{"line":10,"column":77}}]},"4":{"type":"branch","line":13,"loc":{"start":{"line":13,"column":7},"end":{"line":22,"column":1}},"locations":[{"start":{"line":13,"column":7},"end":{"line":22,"column":1}}]},"5":{"type":"branch","line":24,"loc":{"start":{"line":24,"column":7},"end":{"line":26,"column":1}},"locations":[{"start":{"line":24,"column":7},"end":{"line":26,"column":1}}]},"6":{"type":"branch","line":28,"loc":{"start":{"line":28,"column":7},"end":{"line":31,"column":1}},"locations":[{"start":{"line":28,"column":7},"end":{"line":31,"column":1}}]},"7":{"type":"branch","line":29,"loc":{"start":{"line":29,"column":32},"end":{"line":29,"column":44}},"locations":[{"start":{"line":29,"column":32},"end":{"line":29,"column":44}}]},"8":{"type":"branch","line":29,"loc":{"start":{"line":29,"column":39},"end":{"line":31,"column":1}},"locations":[{"start":{"line":29,"column":39},"end":{"line":31,"column":1}}]},"9":{"type":"branch","line":34,"loc":{"start":{"line":34,"column":7},"end":{"line":44,"column":1}},"locations":[{"start":{"line":34,"column":7},"end":{"line":44,"column":1}}]},"10":{"type":"branch","line":46,"loc":{"start":{"line":46,"column":7},"end":{"line":54,"column":1}},"locations":[{"start":{"line":46,"column":7},"end":{"line":54,"column":1}}]},"11":{"type":"branch","line":56,"loc":{"start":{"line":56,"column":7},"end":{"line":69,"column":1}},"locations":[{"start":{"line":56,"column":7},"end":{"line":69,"column":1}}]},"12":{"type":"branch","line":71,"loc":{"start":{"line":71,"column":7},"end":{"line":73,"column":1}},"locations":[{"start":{"line":71,"column":7},"end":{"line":73,"column":1}}]},"13":{"type":"branch","line":75,"loc":{"start":{"line":75,"column":7},"end":{"line":82,"column":1}},"locations":[{"start":{"line":75,"column":7},"end":{"line":82,"column":1}}]}},"b":{"0":[145],"1":[99],"2":[98],"3":[1],"4":[26],"5":[3],"6":[4],"7":[3],"8":[1],"9":[31],"10":[27],"11":[32],"12":[4],"13":[9]},"fnMap":{"0":{"name":"cn","decl":{"start":{"line":5,"column":7},"end":{"line":7,"column":1}},"loc":{"start":{"line":5,"column":7},"end":{"line":7,"column":1}},"line":5},"1":{"name":"capitalize","decl":{"start":{"line":9,"column":7},"end":{"line":11,"column":1}},"loc":{"start":{"line":9,"column":7},"end":{"line":11,"column":1}},"line":9},"2":{"name":"formatDate","decl":{"start":{"line":13,"column":7},"end":{"line":22,"column":1}},"loc":{"start":{"line":13,"column":7},"end":{"line":22,"column":1}},"line":13},"3":{"name":"formatNumber","decl":{"start":{"line":24,"column":7},"end":{"line":26,"column":1}},"loc":{"start":{"line":24,"column":7},"end":{"line":26,"column":1}},"line":24},"4":{"name":"truncate","decl":{"start":{"line":28,"column":7},"end":{"line":31,"column":1}},"loc":{"start":{"line":28,"column":7},"end":{"line":31,"column":1}},"line":28},"5":{"name":"intervalFormat","decl":{"start":{"line":34,"column":7},"end":{"line":44,"column":1}},"loc":{"start":{"line":34,"column":7},"end":{"line":44,"column":1}},"line":34},"6":{"name":"contractFormat","decl":{"start":{"line":46,"column":7},"end":{"line":54,"column":1}},"loc":{"start":{"line":46,"column":7},"end":{"line":54,"column":1}},"line":46},"7":{"name":"educationFormat","decl":{"start":{"line":56,"column":7},"end":{"line":69,"column":1}},"loc":{"start":{"line":56,"column":7},"end":{"line":69,"column":1}},"line":56},"8":{"name":"sanitizeInput","decl":{"start":{"line":71,"column":7},"end":{"line":73,"column":1}},"loc":{"start":{"line":71,"column":7},"end":{"line":73,"column":1}},"line":71},"9":{"name":"slugify","decl":{"start":{"line":75,"column":7},"end":{"line":82,"column":1}},"loc":{"start":{"line":75,"column":7},"end":{"line":82,"column":1}},"line":75}},"f":{"0":145,"1":99,"2":26,"3":3,"4":4,"5":31,"6":27,"7":32,"8":4,"9":9}}
}
