TN:
SF:app/vacature/[id]/[slug]/job-details.tsx
FN:70,JobDetails
FN:87,handleScroll
FN:154,onClick
FN:377,onClick
FN:421,onClose
FN:425,onAccept
FN:438,InfoItem
FN:460,RelatedJobCard
FN:514,Sidebar
FN:532,onClick
FN:562,onClick
FN:572,onClick
FNF:12
FNH:10
FNDA:23,JobDetails
FNDA:20,handleScroll
FNDA:1,onClick
FNDA:0,onClick
FNDA:1,onClose
FNDA:1,onAccept
FNDA:184,InfoItem
FNDA:1,RelatedJobCard
FNDA:23,Sidebar
FNDA:0,onClick
FNDA:1,onClick
FNDA:2,onClick
DA:1,1
DA:2,1
DA:3,1
DA:4,1
DA:5,1
DA:6,1
DA:7,1
DA:8,1
DA:9,1
DA:10,1
DA:11,1
DA:12,1
DA:13,1
DA:14,1
DA:15,1
DA:16,1
DA:17,1
DA:18,1
DA:19,1
DA:20,1
DA:21,1
DA:22,1
DA:23,1
DA:24,1
DA:25,1
DA:26,1
DA:27,1
DA:28,1
DA:29,1
DA:30,1
DA:31,1
DA:32,1
DA:33,1
DA:34,1
DA:35,1
DA:36,1
DA:37,1
DA:38,1
DA:39,1
DA:40,1
DA:41,1
DA:42,1
DA:43,1
DA:44,1
DA:45,1
DA:46,1
DA:47,1
DA:48,1
DA:49,1
DA:50,1
DA:51,1
DA:52,1
DA:53,1
DA:54,1
DA:55,1
DA:56,1
DA:57,1
DA:58,1
DA:59,1
DA:60,1
DA:61,1
DA:62,1
DA:63,1
DA:64,1
DA:65,1
DA:66,1
DA:67,1
DA:68,1
DA:69,1
DA:70,1
DA:71,23
DA:72,23
DA:73,23
DA:74,23
DA:75,23
DA:76,23
DA:77,23
DA:78,23
DA:79,23
DA:80,23
DA:81,23
DA:82,23
DA:83,23
DA:84,23
DA:85,20
DA:86,20
DA:87,20
DA:88,20
DA:89,20
DA:90,0
DA:91,0
DA:92,0
DA:93,0
DA:94,0
DA:95,0
DA:96,0
DA:97,0
DA:98,0
DA:99,0
DA:100,0
DA:101,0
DA:102,0
DA:103,0
DA:104,0
DA:105,0
DA:106,0
DA:107,0
DA:108,0
DA:109,0
DA:110,0
DA:111,0
DA:112,0
DA:113,0
DA:114,0
DA:115,0
DA:116,0
DA:117,0
DA:118,0
DA:119,0
DA:120,20
DA:121,20
DA:122,20
DA:123,20
DA:124,20
DA:125,20
DA:126,20
DA:127,20
DA:128,23
DA:129,23
DA:130,23
DA:131,0
DA:132,0
DA:133,23
DA:134,23
DA:135,23
DA:136,1
DA:137,23
DA:138,23
DA:139,23
DA:140,23
DA:141,23
DA:142,23
DA:143,23
DA:144,23
DA:145,23
DA:146,23
DA:147,23
DA:148,23
DA:149,23
DA:150,23
DA:151,23
DA:152,23
DA:153,23
DA:154,23
DA:155,1
DA:156,1
DA:157,1
DA:158,23
DA:159,23
DA:160,23
DA:161,23
DA:162,23
DA:163,23
DA:164,23
DA:165,23
DA:166,23
DA:167,23
DA:168,23
DA:169,23
DA:170,23
DA:171,23
DA:172,23
DA:173,23
DA:174,23
DA:175,23
DA:176,23
DA:177,23
DA:178,23
DA:179,23
DA:180,23
DA:181,23
DA:182,23
DA:183,23
DA:184,23
DA:185,23
DA:186,23
DA:187,23
DA:188,23
DA:189,23
DA:190,23
DA:191,23
DA:192,23
DA:193,0
DA:194,23
DA:195,23
DA:196,23
DA:197,23
DA:198,23
DA:199,23
DA:200,23
DA:201,23
DA:202,23
DA:203,23
DA:204,23
DA:205,23
DA:206,23
DA:207,23
DA:208,23
DA:209,23
DA:210,23
DA:211,23
DA:212,23
DA:213,23
DA:214,23
DA:215,23
DA:216,23
DA:217,23
DA:218,23
DA:219,23
DA:220,23
DA:221,23
DA:222,23
DA:223,23
DA:224,23
DA:225,23
DA:226,23
DA:227,23
DA:228,23
DA:229,23
DA:230,23
DA:231,23
DA:232,23
DA:233,23
DA:234,23
DA:235,23
DA:236,23
DA:237,23
DA:238,23
DA:239,23
DA:240,23
DA:241,23
DA:242,23
DA:243,23
DA:244,23
DA:245,23
DA:246,23
DA:247,23
DA:248,23
DA:249,23
DA:250,23
DA:251,23
DA:252,23
DA:253,23
DA:254,23
DA:255,23
DA:256,23
DA:257,23
DA:258,23
DA:259,23
DA:260,23
DA:261,23
DA:262,23
DA:263,23
DA:264,23
DA:265,23
DA:266,23
DA:267,23
DA:268,23
DA:269,23
DA:270,23
DA:271,23
DA:272,23
DA:273,23
DA:274,23
DA:275,23
DA:276,23
DA:277,23
DA:278,23
DA:279,23
DA:280,23
DA:281,23
DA:282,23
DA:283,23
DA:284,23
DA:285,23
DA:286,23
DA:287,23
DA:288,23
DA:289,23
DA:290,23
DA:291,23
DA:292,23
DA:293,23
DA:294,23
DA:295,46
DA:296,23
DA:297,23
DA:298,23
DA:299,23
DA:300,23
DA:301,23
DA:302,23
DA:303,23
DA:304,23
DA:305,23
DA:306,23
DA:307,23
DA:308,23
DA:309,23
DA:310,23
DA:311,23
DA:312,23
DA:313,23
DA:314,46
DA:315,23
DA:316,23
DA:317,23
DA:318,23
DA:319,23
DA:320,23
DA:321,23
DA:322,23
DA:323,23
DA:324,23
DA:325,23
DA:326,23
DA:327,23
DA:328,23
DA:329,23
DA:330,23
DA:331,23
DA:332,23
DA:333,23
DA:334,23
DA:335,23
DA:336,23
DA:337,23
DA:338,23
DA:339,23
DA:340,23
DA:341,23
DA:342,23
DA:343,23
DA:344,23
DA:345,23
DA:346,23
DA:347,23
DA:348,23
DA:349,23
DA:350,23
DA:351,23
DA:352,23
DA:353,23
DA:354,23
DA:355,23
DA:356,23
DA:357,23
DA:358,23
DA:359,23
DA:360,23
DA:361,23
DA:362,23
DA:363,23
DA:364,23
DA:365,23
DA:366,23
DA:367,23
DA:368,23
DA:369,23
DA:370,23
DA:371,23
DA:372,23
DA:373,23
DA:374,23
DA:375,23
DA:376,23
DA:377,23
DA:378,0
DA:379,0
DA:380,0
DA:381,23
DA:382,23
DA:383,23
DA:384,23
DA:385,23
DA:386,23
DA:387,23
DA:388,23
DA:389,23
DA:390,23
DA:391,23
DA:392,23
DA:393,23
DA:394,23
DA:395,23
DA:396,23
DA:397,23
DA:398,23
DA:399,23
DA:400,23
DA:401,23
DA:402,23
DA:403,23
DA:404,23
DA:405,23
DA:406,23
DA:407,23
DA:408,23
DA:409,23
DA:410,23
DA:411,23
DA:412,23
DA:413,23
DA:414,23
DA:415,23
DA:416,23
DA:417,23
DA:418,23
DA:419,23
DA:420,23
DA:421,23
DA:422,1
DA:423,1
DA:424,1
DA:425,23
DA:426,1
DA:427,1
DA:428,1
DA:429,1
DA:430,1
DA:431,1
DA:432,23
DA:433,23
DA:434,23
DA:435,23
DA:436,23
DA:437,1
DA:438,184
DA:439,184
DA:440,184
DA:441,184
DA:442,184
DA:443,184
DA:444,184
DA:445,184
DA:446,184
DA:447,184
DA:448,184
DA:449,184
DA:450,184
DA:451,184
DA:452,184
DA:453,184
DA:454,184
DA:455,184
DA:456,184
DA:457,184
DA:458,184
DA:459,1
DA:460,1
DA:461,1
DA:462,1
DA:463,1
DA:464,1
DA:465,1
DA:466,1
DA:467,1
DA:468,1
DA:469,1
DA:470,1
DA:471,1
DA:472,1
DA:473,1
DA:474,1
DA:475,1
DA:476,1
DA:477,1
DA:478,1
DA:479,1
DA:480,1
DA:481,1
DA:482,1
DA:483,1
DA:484,1
DA:485,1
DA:486,1
DA:487,1
DA:488,1
DA:489,1
DA:490,1
DA:491,1
DA:492,1
DA:493,1
DA:494,1
DA:495,1
DA:496,1
DA:497,1
DA:498,1
DA:499,1
DA:500,1
DA:501,1
DA:502,1
DA:503,1
DA:504,1
DA:505,1
DA:506,1
DA:507,1
DA:508,1
DA:509,1
DA:510,1
DA:511,1
DA:512,1
DA:513,1
DA:514,23
DA:515,23
DA:516,23
DA:517,23
DA:518,23
DA:519,23
DA:520,23
DA:521,23
DA:522,23
DA:523,23
DA:524,23
DA:525,23
DA:526,23
DA:527,23
DA:528,23
DA:529,23
DA:530,23
DA:531,23
DA:532,23
DA:533,0
DA:534,0
DA:535,0
DA:536,23
DA:537,23
DA:538,23
DA:539,23
DA:540,23
DA:541,23
DA:542,23
DA:543,23
DA:544,23
DA:545,23
DA:546,23
DA:547,23
DA:548,23
DA:549,23
DA:550,23
DA:551,23
DA:552,23
DA:553,23
DA:554,23
DA:555,23
DA:556,23
DA:557,23
DA:558,23
DA:559,23
DA:560,23
DA:561,23
DA:562,23
DA:563,23
DA:564,23
DA:565,21
DA:566,2
DA:567,23
DA:568,23
DA:569,23
DA:570,23
DA:571,23
DA:572,23
DA:573,23
DA:574,23
DA:575,2
DA:576,21
DA:577,23
DA:578,23
DA:579,23
DA:580,23
DA:581,23
DA:582,23
DA:583,23
DA:584,23
DA:585,23
DA:586,23
DA:587,23
DA:588,23
DA:589,23
DA:590,23
DA:591,23
DA:592,23
DA:593,23
DA:594,23
DA:595,23
DA:596,23
DA:597,23
DA:598,2
DA:599,2
DA:600,2
DA:601,23
DA:602,23
DA:603,23
DA:604,23
DA:605,23
DA:606,23
DA:607,23
DA:608,23
DA:609,23
DA:610,23
DA:611,23
DA:612,23
DA:613,23
DA:614,23
DA:615,23
DA:616,23
DA:617,23
DA:618,23
DA:619,23
DA:620,23
DA:621,23
DA:622,23
DA:623,23
DA:624,23
DA:625,23
DA:626,23
DA:627,23
DA:628,23
DA:629,23
DA:630,23
LF:630
LH:591
BRDA:70,0,0,23
BRDA:130,1,0,0
BRDA:136,2,0,1
BRDA:137,3,0,22
BRDA:193,4,0,0
BRDA:337,5,0,0
BRDA:344,6,0,0
BRDA:348,7,0,0
BRDA:352,8,0,0
BRDA:356,9,0,0
BRDA:84,10,0,20
BRDA:87,11,0,20
BRDA:127,12,0,20
BRDA:154,13,0,1
BRDA:228,14,0,69
BRDA:294,15,0,46
BRDA:313,16,0,46
BRDA:401,17,0,1
BRDA:421,18,0,1
BRDA:425,19,0,1
BRDA:438,20,0,184
BRDA:460,21,0,1
BRDA:514,22,0,23
BRDA:564,23,0,21
BRDA:565,24,0,2
BRDA:574,25,0,2
BRDA:575,26,0,21
BRDA:562,27,0,1
BRDA:572,28,0,2
BRDA:597,29,0,2
BRF:30
BRH:23
end_of_record
TN:
SF:components/ui/badge.tsx
FN:29,Badge
FNF:1
FNH:1
FNDA:76,Badge
DA:1,1
DA:2,1
DA:3,1
DA:4,1
DA:5,1
DA:6,1
DA:7,1
DA:8,1
DA:9,1
DA:10,1
DA:11,1
DA:12,1
DA:13,1
DA:14,1
DA:15,1
DA:16,1
DA:17,1
DA:18,1
DA:19,1
DA:20,1
DA:21,1
DA:22,1
DA:23,1
DA:24,1
DA:25,1
DA:26,1
DA:27,1
DA:28,1
DA:29,76
DA:30,76
DA:31,76
DA:32,76
DA:33,76
DA:34,1
DA:35,1
LF:35
LH:35
BRDA:29,0,0,76
BRF:1
BRH:1
end_of_record
TN:
SF:components/ui/button.tsx
FNF:0
FNH:0
DA:1,1
DA:2,1
DA:3,1
DA:4,1
DA:5,1
DA:6,1
DA:7,1
DA:8,1
DA:9,1
DA:10,1
DA:11,1
DA:12,1
DA:13,1
DA:14,1
DA:15,1
DA:16,1
DA:17,1
DA:18,1
DA:19,1
DA:20,1
DA:21,1
DA:22,1
DA:23,1
DA:24,1
DA:25,1
DA:26,1
DA:27,1
DA:28,1
DA:29,1
DA:30,1
DA:31,1
DA:32,1
DA:33,1
DA:34,1
DA:35,1
DA:36,1
DA:37,1
DA:38,1
DA:39,1
DA:40,1
DA:41,1
DA:42,1
DA:43,1
DA:44,1
DA:45,69
DA:46,69
DA:47,69
DA:48,69
DA:49,69
DA:50,69
DA:51,69
DA:52,69
DA:53,69
DA:54,1
DA:55,1
DA:56,1
DA:57,1
LF:57
LH:57
BRDA:44,0,0,69
BRDA:45,1,0,0
BRF:2
BRH:1
end_of_record
TN:
SF:lib/utils.ts
FN:5,cn
FN:9,capitalize
FN:13,formatDate
FN:24,formatNumber
FN:28,truncate
FN:34,intervalFormat
FN:46,contractFormat
FN:56,educationFormat
FN:71,sanitizeInput
FN:75,slugify
FNF:10
FNH:10
FNDA:145,cn
FNDA:99,capitalize
FNDA:26,formatDate
FNDA:3,formatNumber
FNDA:4,truncate
FNDA:31,intervalFormat
FNDA:27,contractFormat
FNDA:32,educationFormat
FNDA:4,sanitizeInput
FNDA:9,slugify
DA:1,1
DA:2,1
DA:3,1
DA:4,1
DA:5,1
DA:6,145
DA:7,145
DA:8,1
DA:9,1
DA:10,99
DA:11,99
DA:12,1
DA:13,1
DA:14,26
DA:15,26
DA:16,26
DA:17,26
DA:18,26
DA:19,26
DA:20,26
DA:21,26
DA:22,26
DA:23,1
DA:24,1
DA:25,3
DA:26,3
DA:27,1
DA:28,1
DA:29,4
DA:30,1
DA:31,1
DA:32,1
DA:33,1
DA:34,1
DA:35,31
DA:36,31
DA:37,31
DA:38,31
DA:39,31
DA:40,31
DA:41,31
DA:42,31
DA:43,31
DA:44,31
DA:45,1
DA:46,1
DA:47,27
DA:48,27
DA:49,27
DA:50,27
DA:51,27
DA:52,27
DA:53,27
DA:54,27
DA:55,1
DA:56,1
DA:57,32
DA:58,32
DA:59,32
DA:60,32
DA:61,32
DA:62,32
DA:63,32
DA:64,32
DA:65,32
DA:66,32
DA:67,32
DA:68,32
DA:69,32
DA:70,1
DA:71,1
DA:72,4
DA:73,4
DA:74,1
DA:75,1
DA:76,9
DA:77,9
DA:78,9
DA:79,9
DA:80,9
DA:81,9
DA:82,9
LF:82
LH:82
BRDA:5,0,0,145
BRDA:9,1,0,99
BRDA:10,2,0,98
BRDA:10,3,0,1
BRDA:13,4,0,26
BRDA:24,5,0,3
BRDA:28,6,0,4
BRDA:29,7,0,3
BRDA:29,8,0,1
BRDA:34,9,0,31
BRDA:46,10,0,27
BRDA:56,11,0,32
BRDA:71,12,0,4
BRDA:75,13,0,9
BRF:14
BRH:14
end_of_record
